# JRE version: Java(TM) SE Runtime Environment (8.0_60-b27) (build 1.8.0_60-b27)
# Java VM: Java HotSpot(TM) 64-Bit Server VM (25.60-b23 mixed mode linux-amd64 compressed oops)
Heap:
 PSYoungGen      total 136704K, used 91468K [0x00000000ec700000, 0x00000000f8380000, 0x0000000100000000)
  eden space 103424K, 67% used [0x00000000ec700000,0x00000000f0b44d40,0x00000000f2c00000)
  from space 33280K, 64% used [0x00000000f2c00000,0x00000000f410e2d0,0x00000000f4c80000)
  to   space 33792K, 0% used [0x00000000f6280000,0x00000000f6280000,0x00000000f8380000)
 ParOldGen       total 91136K, used 42035K [0x00000000c5400000, 0x00000000cad00000, 0x00000000ec700000)
  object space 91136K, 46% used [0x00000000c5400000,0x00000000c7d0cd18,0x00000000cad00000)
 Metaspace       used 21526K, capacity 21767K, committed 22144K, reserved 1069056K
  class space    used 2032K, capacity 2119K, committed 2176K, reserved 1048576K
GC Heap History (10 events):
Event: 11,730 GC heap before
{Heap before GC invocations=10 (full 1):
 PSYoungGen      total 91648K, used 81144K [0x00000000ec700000, 0x00000000f4580000, 0x0000000100000000)
  eden space 62976K, 100% used [0x00000000ec700000,0x00000000f0480000,0x00000000f0480000)
  from space 28672K, 63% used [0x00000000f2100000,0x00000000f32be200,0x00000000f3d00000)
  to   space 29184K, 0% used [0x00000000f0480000,0x00000000f0480000,0x00000000f2100000)
 ParOldGen       total 91136K, used 42011K [0x00000000c5400000, 0x00000000cad00000, 0x00000000ec700000)
  object space 91136K, 46% used [0x00000000c5400000,0x00000000c7d06d18,0x00000000cad00000)
 Metaspace       used 21119K, capacity 21301K, committed 21632K, reserved 1069056K
  class space    used 2029K, capacity 2116K, committed 2176K, reserved 1048576K
Event: 11,760 GC heap after
Heap after GC invocations=10 (full 1):
 PSYoungGen      total 92160K, used 19512K [0x00000000ec700000, 0x00000000f5480000, 0x0000000100000000)
  eden space 62976K, 0% used [0x00000000ec700000,0x00000000ec700000,0x00000000f0480000)
  from space 29184K, 66% used [0x00000000f0480000,0x00000000f178e240,0x00000000f2100000)
  to   space 30208K, 0% used [0x00000000f3700000,0x00000000f3700000,0x00000000f5480000)
 ParOldGen       total 91136K, used 42019K [0x00000000c5400000, 0x00000000cad00000, 0x00000000ec700000)
  object space 91136K, 46% used [0x00000000c5400000,0x00000000c7d08d18,0x00000000cad00000)
 Metaspace       used 21119K, capacity 21301K, committed 21632K, reserved 1069056K
  class space    used 2029K, capacity 2116K, committed 2176K, reserved 1048576K
}
Event: 13,788 GC heap before
{Heap before GC invocations=11 (full 1):
 PSYoungGen      total 92160K, used 82488K [0x00000000ec700000, 0x00000000f5480000, 0x0000000100000000)
  eden space 62976K, 100% used [0x00000000ec700000,0x00000000f0480000,0x00000000f0480000)
  from space 29184K, 66% used [0x00000000f0480000,0x00000000f178e240,0x00000000f2100000)
  to   space 30208K, 0% used [0x00000000f3700000,0x00000000f3700000,0x00000000f5480000)
 ParOldGen       total 91136K, used 42019K [0x00000000c5400000, 0x00000000cad00000, 0x00000000ec700000)
  object space 91136K, 46% used [0x00000000c5400000,0x00000000c7d08d18,0x00000000cad00000)
 Metaspace       used 21388K, capacity 21575K, committed 21888K, reserved 1069056K
  class space    used 2031K, capacity 2119K, committed 2176K, reserved 1048576K
Event: 13,820 GC heap after
Heap after GC invocations=11 (full 1):
 PSYoungGen      total 113152K, used 21448K [0x00000000ec700000, 0x00000000f5500000, 0x0000000100000000)
  eden space 82944K, 0% used [0x00000000ec700000,0x00000000ec700000,0x00000000f1800000)
  from space 30208K, 71% used [0x00000000f3700000,0x00000000f4bf22d0,0x00000000f5480000)
  to   space 31232K, 0% used [0x00000000f1800000,0x00000000f1800000,0x00000000f3680000)
 ParOldGen       total 91136K, used 42019K [0x00000000c5400000, 0x00000000cad00000, 0x00000000ec700000)
  object space 91136K, 46% used [0x00000000c5400000,0x00000000c7d08d18,0x00000000cad00000)
 Metaspace       used 21388K, capacity 21575K, committed 21888K, reserved 1069056K
  class space    used 2031K, capacity 2119K, committed 2176K, reserved 1048576K
}
Event: 16,976 GC heap before
{Heap before GC invocations=12 (full 1):
 PSYoungGen      total 113152K, used 104392K [0x00000000ec700000, 0x00000000f5500000, 0x0000000100000000)
  eden space 82944K, 100% used [0x00000000ec700000,0x00000000f1800000,0x00000000f1800000)
  from space 30208K, 71% used [0x00000000f3700000,0x00000000f4bf22d0,0x00000000f5480000)
  to   space 31232K, 0% used [0x00000000f1800000,0x00000000f1800000,0x00000000f3680000)
 ParOldGen       total 91136K, used 42019K [0x00000000c5400000, 0x00000000cad00000, 0x00000000ec700000)
  object space 91136K, 46% used [0x00000000c5400000,0x00000000c7d08d18,0x00000000cad00000)
 Metaspace       used 21459K, capacity 21703K, committed 22144K, reserved 1069056K
  class space    used 2031K, capacity 2119K, committed 2176K, reserved 1048576K
Event: 16,998 GC heap after
Heap after GC invocations=12 (full 1):
 PSYoungGen      total 114176K, used 21448K [0x00000000ec700000, 0x00000000f6d80000, 0x0000000100000000)
  eden space 82944K, 0% used [0x00000000ec700000,0x00000000ec700000,0x00000000f1800000)
  from space 31232K, 68% used [0x00000000f1800000,0x00000000f2cf22d0,0x00000000f3680000)
  to   space 32256K, 0% used [0x00000000f4e00000,0x00000000f4e00000,0x00000000f6d80000)
 ParOldGen       total 91136K, used 42019K [0x00000000c5400000, 0x00000000cad00000, 0x00000000ec700000)
  object space 91136K, 46% used [0x00000000c5400000,0x00000000c7d08d18,0x00000000cad00000)
 Metaspace       used 21459K, capacity 21703K, committed 22144K, reserved 1069056K
  class space    used 2031K, capacity 2119K, committed 2176K, reserved 1048576K
}
Event: 20,029 GC heap before
{Heap before GC invocations=13 (full 1):
 PSYoungGen      total 114176K, used 104392K [0x00000000ec700000, 0x00000000f6d80000, 0x0000000100000000)
  eden space 82944K, 100% used [0x00000000ec700000,0x00000000f1800000,0x00000000f1800000)
  from space 31232K, 68% used [0x00000000f1800000,0x00000000f2cf22d0,0x00000000f3680000)
  to   space 32256K, 0% used [0x00000000f4e00000,0x00000000f4e00000,0x00000000f6d80000)
 ParOldGen       total 91136K, used 42019K [0x00000000c5400000, 0x00000000cad00000, 0x00000000ec700000)
  object space 91136K, 46% used [0x00000000c5400000,0x00000000c7d08d18,0x00000000cad00000)
 Metaspace       used 21482K, capacity 21767K, committed 22144K, reserved 1069056K
  class space    used 2031K, capacity 2119K, committed 2176K, reserved 1048576K
Event: 20,058 GC heap after
Heap after GC invocations=13 (full 1):
 PSYoungGen      total 135168K, used 21624K [0x00000000ec700000, 0x00000000f6d00000, 0x0000000100000000)
  eden space 103424K, 0% used [0x00000000ec700000,0x00000000ec700000,0x00000000f2c00000)
  from space 31744K, 68% used [0x00000000f4e00000,0x00000000f631e2d0,0x00000000f6d00000)
  to   space 33280K, 0% used [0x00000000f2c00000,0x00000000f2c00000,0x00000000f4c80000)
 ParOldGen       total 91136K, used 42027K [0x00000000c5400000, 0x00000000cad00000, 0x00000000ec700000)
  object space 91136K, 46% used [0x00000000c5400000,0x00000000c7d0ad18,0x00000000cad00000)
 Metaspace       used 21482K, capacity 21767K, committed 22144K, reserved 1069056K
  class space    used 2031K, capacity 2119K, committed 2176K, reserved 1048576K
}
Event: 24,937 GC heap before
{Heap before GC invocations=14 (full 1):
 PSYoungGen      total 135168K, used 125048K [0x00000000ec700000, 0x00000000f6d00000, 0x0000000100000000)
  eden space 103424K, 100% used [0x00000000ec700000,0x00000000f2c00000,0x00000000f2c00000)
  from space 31744K, 68% used [0x00000000f4e00000,0x00000000f631e2d0,0x00000000f6d00000)
  to   space 33280K, 0% used [0x00000000f2c00000,0x00000000f2c00000,0x00000000f4c80000)
 ParOldGen       total 91136K, used 42027K [0x00000000c5400000, 0x00000000cad00000, 0x00000000ec700000)
  object space 91136K, 46% used [0x00000000c5400000,0x00000000c7d0ad18,0x00000000cad00000)
 Metaspace       used 21515K, capacity 21767K, committed 22144K, reserved 1069056K
  class space    used 2031K, capacity 2119K, committed 2176K, reserved 1048576K
Event: 24,955 GC heap after
Heap after GC invocations=14 (full 1):
 PSYoungGen      total 136704K, used 21560K [0x00000000ec700000, 0x00000000f8380000, 0x0000000100000000)
  eden space 103424K, 0% used [0x00000000ec700000,0x00000000ec700000,0x00000000f2c00000)
  from space 33280K, 64% used [0x00000000f2c00000,0x00000000f410e2d0,0x00000000f4c80000)
  to   space 33792K, 0% used [0x00000000f6280000,0x00000000f6280000,0x00000000f8380000)
 ParOldGen       total 91136K, used 42035K [0x00000000c5400000, 0x00000000cad00000, 0x00000000ec700000)
  object space 91136K, 46% used [0x00000000c5400000,0x00000000c7d0cd18,0x00000000cad00000)
 Metaspace       used 21515K, capacity 21767K, committed 22144K, reserved 1069056K
  class space    used 2031K, capacity 2119K, committed 2176K, reserved 1048576K
}

