# JRE version: Java(TM) SE Runtime Environment (8.0_60-b27) (build 1.8.0_60-b27)
# Java VM: Java HotSpot(TM) 64-Bit Server VM (25.60-b23 mixed mode linux-amd64 compressed oops)
Heap:
 PSYoungGen      total 311296K, used 267108K [0x00000000ec700000, 0x00000000ffe80000, 0x0000000100000000)
  eden space 305664K, 87% used [0x00000000ec700000,0x00000000fcbb91d0,0x00000000ff180000)
  from space 5632K, 2% used [0x00000000ff900000,0x00000000ff920000,0x00000000ffe80000)
  to   space 6656K, 0% used [0x00000000ff180000,0x00000000ff180000,0x00000000ff800000)
 ParOldGen       total 76288K, used 53446K [0x00000000c5400000, 0x00000000c9e80000, 0x00000000ec700000)
  object space 76288K, 70% used [0x00000000c5400000,0x00000000c88318a0,0x00000000c9e80000)
 Metaspace       used 20262K, capacity 20503K, committed 20736K, reserved 1069056K
  class space    used 1893K, capacity 1957K, committed 2048K, reserved 1048576K
GC Heap History (10 events):
Event: 45,667 GC heap before
{Heap before GC invocations=35 (full 1):
 PSYoungGen      total 308224K, used 298560K [0x00000000ec700000, 0x0000000100000000, 0x0000000100000000)
  eden space 298496K, 100% used [0x00000000ec700000,0x00000000fea80000,0x00000000fea80000)
  from space 9728K, 0% used [0x00000000fea80000,0x00000000fea90000,0x00000000ff400000)
  to   space 9216K, 0% used [0x00000000ff700000,0x00000000ff700000,0x0000000100000000)
 ParOldGen       total 76288K, used 53406K [0x00000000c5400000, 0x00000000c9e80000, 0x00000000ec700000)
  object space 76288K, 70% used [0x00000000c5400000,0x00000000c88278a0,0x00000000c9e80000)
 Metaspace       used 20143K, capacity 20375K, committed 20736K, reserved 1069056K
  class space    used 1892K, capacity 1957K, committed 2048K, reserved 1048576K
Event: 45,676 GC heap after
Heap after GC invocations=35 (full 1):
 PSYoungGen      total 309248K, used 128K [0x00000000ec700000, 0x00000000ffe80000, 0x0000000100000000)
  eden space 301568K, 0% used [0x00000000ec700000,0x00000000ec700000,0x00000000fed80000)
  from space 7680K, 1% used [0x00000000ff700000,0x00000000ff720000,0x00000000ffe80000)
  to   space 8704K, 0% used [0x00000000fed80000,0x00000000fed80000,0x00000000ff600000)
 ParOldGen       total 76288K, used 53414K [0x00000000c5400000, 0x00000000c9e80000, 0x00000000ec700000)
  object space 76288K, 70% used [0x00000000c5400000,0x00000000c88298a0,0x00000000c9e80000)
 Metaspace       used 20143K, capacity 20375K, committed 20736K, reserved 1069056K
  class space    used 1892K, capacity 1957K, committed 2048K, reserved 1048576K
}
Event: 47,169 GC heap before
{Heap before GC invocations=36 (full 1):
 PSYoungGen      total 309248K, used 301696K [0x00000000ec700000, 0x00000000ffe80000, 0x0000000100000000)
  eden space 301568K, 100% used [0x00000000ec700000,0x00000000fed80000,0x00000000fed80000)
  from space 7680K, 1% used [0x00000000ff700000,0x00000000ff720000,0x00000000ffe80000)
  to   space 8704K, 0% used [0x00000000fed80000,0x00000000fed80000,0x00000000ff600000)
 ParOldGen       total 76288K, used 53414K [0x00000000c5400000, 0x00000000c9e80000, 0x00000000ec700000)
  object space 76288K, 70% used [0x00000000c5400000,0x00000000c88298a0,0x00000000c9e80000)
 Metaspace       used 20146K, capacity 20375K, committed 20736K, reserved 1069056K
  class space    used 1892K, capacity 1957K, committed 2048K, reserved 1048576K
Event: 47,172 GC heap after
Heap after GC invocations=36 (full 1):
 PSYoungGen      total 310272K, used 32K [0x00000000ec700000, 0x0000000100000000, 0x0000000100000000)
  eden space 301568K, 0% used [0x00000000ec700000,0x00000000ec700000,0x00000000fed80000)
  from space 8704K, 0% used [0x00000000fed80000,0x00000000fed88000,0x00000000ff600000)
  to   space 8192K, 0% used [0x00000000ff800000,0x00000000ff800000,0x0000000100000000)
 ParOldGen       total 76288K, used 53422K [0x00000000c5400000, 0x00000000c9e80000, 0x00000000ec700000)
  object space 76288K, 70% used [0x00000000c5400000,0x00000000c882b8a0,0x00000000c9e80000)
 Metaspace       used 20146K, capacity 20375K, committed 20736K, reserved 1069056K
  class space    used 1892K, capacity 1957K, committed 2048K, reserved 1048576K
}
Event: 48,671 GC heap before
{Heap before GC invocations=37 (full 1):
 PSYoungGen      total 310272K, used 301600K [0x00000000ec700000, 0x0000000100000000, 0x0000000100000000)
  eden space 301568K, 100% used [0x00000000ec700000,0x00000000fed80000,0x00000000fed80000)
  from space 8704K, 0% used [0x00000000fed80000,0x00000000fed88000,0x00000000ff600000)
  to   space 8192K, 0% used [0x00000000ff800000,0x00000000ff800000,0x0000000100000000)
 ParOldGen       total 76288K, used 53422K [0x00000000c5400000, 0x00000000c9e80000, 0x00000000ec700000)
  object space 76288K, 70% used [0x00000000c5400000,0x00000000c882b8a0,0x00000000c9e80000)
 Metaspace       used 20158K, capacity 20375K, committed 20736K, reserved 1069056K
  class space    used 1892K, capacity 1957K, committed 2048K, reserved 1048576K
Event: 48,675 GC heap after
Heap after GC invocations=37 (full 1):
 PSYoungGen      total 310272K, used 96K [0x00000000ec700000, 0x00000000ffe80000, 0x0000000100000000)
  eden space 303616K, 0% used [0x00000000ec700000,0x00000000ec700000,0x00000000fef80000)
  from space 6656K, 1% used [0x00000000ff800000,0x00000000ff818000,0x00000000ffe80000)
  to   space 7680K, 0% used [0x00000000fef80000,0x00000000fef80000,0x00000000ff700000)
 ParOldGen       total 76288K, used 53430K [0x00000000c5400000, 0x00000000c9e80000, 0x00000000ec700000)
  object space 76288K, 70% used [0x00000000c5400000,0x00000000c882d8a0,0x00000000c9e80000)
 Metaspace       used 20158K, capacity 20375K, committed 20736K, reserved 1069056K
  class space    used 1892K, capacity 1957K, committed 2048K, reserved 1048576K
}
Event: 50,119 GC heap before
{Heap before GC invocations=38 (full 1):
 PSYoungGen      total 310272K, used 303712K [0x00000000ec700000, 0x00000000ffe80000, 0x0000000100000000)
  eden space 303616K, 100% used [0x00000000ec700000,0x00000000fef80000,0x00000000fef80000)
  from space 6656K, 1% used [0x00000000ff800000,0x00000000ff818000,0x00000000ffe80000)
  to   space 7680K, 0% used [0x00000000fef80000,0x00000000fef80000,0x00000000ff700000)
 ParOldGen       total 76288K, used 53430K [0x00000000c5400000, 0x00000000c9e80000, 0x00000000ec700000)
  object space 76288K, 70% used [0x00000000c5400000,0x00000000c882d8a0,0x00000000c9e80000)
 Metaspace       used 20225K, capacity 20439K, committed 20736K, reserved 1069056K
  class space    used 1892K, capacity 1957K, committed 2048K, reserved 1048576K
Event: 50,122 GC heap after
Heap after GC invocations=38 (full 1):
 PSYoungGen      total 311296K, used 96K [0x00000000ec700000, 0x0000000100000000, 0x0000000100000000)
  eden space 303616K, 0% used [0x00000000ec700000,0x00000000ec700000,0x00000000fef80000)
  from space 7680K, 1% used [0x00000000fef80000,0x00000000fef98000,0x00000000ff700000)
  to   space 7168K, 0% used [0x00000000ff900000,0x00000000ff900000,0x0000000100000000)
 ParOldGen       total 76288K, used 53438K [0x00000000c5400000, 0x00000000c9e80000, 0x00000000ec700000)
  object space 76288K, 70% used [0x00000000c5400000,0x00000000c882f8a0,0x00000000c9e80000)
 Metaspace       used 20225K, capacity 20439K, committed 20736K, reserved 1069056K
  class space    used 1892K, capacity 1957K, committed 2048K, reserved 1048576K
}
Event: 51,567 GC heap before
{Heap before GC invocations=39 (full 1):
 PSYoungGen      total 311296K, used 303712K [0x00000000ec700000, 0x0000000100000000, 0x0000000100000000)
  eden space 303616K, 100% used [0x00000000ec700000,0x00000000fef80000,0x00000000fef80000)
  from space 7680K, 1% used [0x00000000fef80000,0x00000000fef98000,0x00000000ff700000)
  to   space 7168K, 0% used [0x00000000ff900000,0x00000000ff900000,0x0000000100000000)
 ParOldGen       total 76288K, used 53438K [0x00000000c5400000, 0x00000000c9e80000, 0x00000000ec700000)
  object space 76288K, 70% used [0x00000000c5400000,0x00000000c882f8a0,0x00000000c9e80000)
 Metaspace       used 20236K, capacity 20439K, committed 20736K, reserved 1069056K
  class space    used 1892K, capacity 1957K, committed 2048K, reserved 1048576K
Event: 51,570 GC heap after
Heap after GC invocations=39 (full 1):
 PSYoungGen      total 311296K, used 128K [0x00000000ec700000, 0x00000000ffe80000, 0x0000000100000000)
  eden space 305664K, 0% used [0x00000000ec700000,0x00000000ec700000,0x00000000ff180000)
  from space 5632K, 2% used [0x00000000ff900000,0x00000000ff920000,0x00000000ffe80000)
  to   space 6656K, 0% used [0x00000000ff180000,0x00000000ff180000,0x00000000ff800000)
 ParOldGen       total 76288K, used 53446K [0x00000000c5400000, 0x00000000c9e80000, 0x00000000ec700000)
  object space 76288K, 70% used [0x00000000c5400000,0x00000000c88318a0,0x00000000c9e80000)
 Metaspace       used 20236K, capacity 20439K, committed 20736K, reserved 1069056K
  class space    used 1892K, capacity 1957K, committed 2048K, reserved 1048576K
}

