# JRE version: Java(TM) SE Runtime Environment (8.0_60-b27) (build 1.8.0_60-b27)
# Java VM: Java HotSpot(TM) 64-Bit Server VM (25.60-b23 mixed mode linux-amd64 compressed oops)
Heap:
 PSYoungGen      total 164864K, used 69282K [0x00000000ec700000, 0x00000000f9680000, 0x0000000100000000)
  eden space 118272K, 32% used [0x00000000ec700000,0x00000000eed125a0,0x00000000f3a80000)
  from space 46592K, 65% used [0x00000000f6900000,0x00000000f8696500,0x00000000f9680000)
  to   space 47104K, 0% used [0x00000000f3a80000,0x00000000f3a80000,0x00000000f6880000)
 ParOldGen       total 92160K, used 42719K [0x00000000c5400000, 0x00000000cae00000, 0x00000000ec700000)
  object space 92160K, 46% used [0x00000000c5400000,0x00000000c7db7e58,0x00000000cae00000)
 Metaspace       used 21442K, capacity 21667K, committed 22144K, reserved 1069056K
  class space    used 2012K, capacity 2087K, committed 2176K, reserved 1048576K
GC Heap History (10 events):
Event: 19,550 GC heap before
{Heap before GC invocations=13 (full 1):
 PSYoungGen      total 108032K, used 103737K [0x00000000ec700000, 0x00000000f6980000, 0x0000000100000000)
  eden space 73216K, 100% used [0x00000000ec700000,0x00000000f0e80000,0x00000000f0e80000)
  from space 34816K, 87% used [0x00000000f0e80000,0x00000000f2c4e520,0x00000000f3080000)
  to   space 38400K, 0% used [0x00000000f4400000,0x00000000f4400000,0x00000000f6980000)
 ParOldGen       total 92160K, used 42695K [0x00000000c5400000, 0x00000000cae00000, 0x00000000ec700000)
  object space 92160K, 46% used [0x00000000c5400000,0x00000000c7db1e58,0x00000000cae00000)
 Metaspace       used 21330K, capacity 21539K, committed 21888K, reserved 1069056K
  class space    used 2011K, capacity 2087K, committed 2176K, reserved 1048576K
Event: 19,586 GC heap after
Heap after GC invocations=13 (full 1):
 PSYoungGen      total 124928K, used 30473K [0x00000000ec700000, 0x00000000f6f00000, 0x0000000100000000)
  eden space 86528K, 0% used [0x00000000ec700000,0x00000000ec700000,0x00000000f1b80000)
  from space 38400K, 79% used [0x00000000f4400000,0x00000000f61c2530,0x00000000f6980000)
  to   space 41472K, 0% used [0x00000000f1b80000,0x00000000f1b80000,0x00000000f4400000)
 ParOldGen       total 92160K, used 42703K [0x00000000c5400000, 0x00000000cae00000, 0x00000000ec700000)
  object space 92160K, 46% used [0x00000000c5400000,0x00000000c7db3e58,0x00000000cae00000)
 Metaspace       used 21330K, capacity 21539K, committed 21888K, reserved 1069056K
  class space    used 2011K, capacity 2087K, committed 2176K, reserved 1048576K
}
Event: 21,971 GC heap before
{Heap before GC invocations=14 (full 1):
 PSYoungGen      total 124928K, used 117001K [0x00000000ec700000, 0x00000000f6f00000, 0x0000000100000000)
  eden space 86528K, 100% used [0x00000000ec700000,0x00000000f1b80000,0x00000000f1b80000)
  from space 38400K, 79% used [0x00000000f4400000,0x00000000f61c2530,0x00000000f6980000)
  to   space 41472K, 0% used [0x00000000f1b80000,0x00000000f1b80000,0x00000000f4400000)
 ParOldGen       total 92160K, used 42703K [0x00000000c5400000, 0x00000000cae00000, 0x00000000ec700000)
  object space 92160K, 46% used [0x00000000c5400000,0x00000000c7db3e58,0x00000000cae00000)
 Metaspace       used 21362K, capacity 21603K, committed 21888K, reserved 1069056K
  class space    used 2011K, capacity 2087K, committed 2176K, reserved 1048576K
Event: 21,993 GC heap after
Heap after GC invocations=14 (full 1):
 PSYoungGen      total 128000K, used 30473K [0x00000000ec700000, 0x00000000f8100000, 0x0000000100000000)
  eden space 86528K, 0% used [0x00000000ec700000,0x00000000ec700000,0x00000000f1b80000)
  from space 41472K, 73% used [0x00000000f1b80000,0x00000000f3942510,0x00000000f4400000)
  to   space 43520K, 0% used [0x00000000f5680000,0x00000000f5680000,0x00000000f8100000)
 ParOldGen       total 92160K, used 42703K [0x00000000c5400000, 0x00000000cae00000, 0x00000000ec700000)
  object space 92160K, 46% used [0x00000000c5400000,0x00000000c7db3e58,0x00000000cae00000)
 Metaspace       used 21362K, capacity 21603K, committed 21888K, reserved 1069056K
  class space    used 2011K, capacity 2087K, committed 2176K, reserved 1048576K
}
Event: 24,315 GC heap before
{Heap before GC invocations=15 (full 1):
 PSYoungGen      total 128000K, used 117001K [0x00000000ec700000, 0x00000000f8100000, 0x0000000100000000)
  eden space 86528K, 100% used [0x00000000ec700000,0x00000000f1b80000,0x00000000f1b80000)
  from space 41472K, 73% used [0x00000000f1b80000,0x00000000f3942510,0x00000000f4400000)
  to   space 43520K, 0% used [0x00000000f5680000,0x00000000f5680000,0x00000000f8100000)
 ParOldGen       total 92160K, used 42703K [0x00000000c5400000, 0x00000000cae00000, 0x00000000ec700000)
  object space 92160K, 46% used [0x00000000c5400000,0x00000000c7db3e58,0x00000000cae00000)
 Metaspace       used 21399K, capacity 21603K, committed 21888K, reserved 1069056K
  class space    used 2011K, capacity 2087K, committed 2176K, reserved 1048576K
Event: 24,355 GC heap after
Heap after GC invocations=15 (full 1):
 PSYoungGen      total 144896K, used 30489K [0x00000000ec700000, 0x00000000f8500000, 0x0000000100000000)
  eden space 101376K, 0% used [0x00000000ec700000,0x00000000ec700000,0x00000000f2a00000)
  from space 43520K, 70% used [0x00000000f5680000,0x00000000f7446520,0x00000000f8100000)
  to   space 45568K, 0% used [0x00000000f2a00000,0x00000000f2a00000,0x00000000f5680000)
 ParOldGen       total 92160K, used 42711K [0x00000000c5400000, 0x00000000cae00000, 0x00000000ec700000)
  object space 92160K, 46% used [0x00000000c5400000,0x00000000c7db5e58,0x00000000cae00000)
 Metaspace       used 21399K, capacity 21603K, committed 21888K, reserved 1069056K
  class space    used 2011K, capacity 2087K, committed 2176K, reserved 1048576K
}
Event: 26,766 GC heap before
{Heap before GC invocations=16 (full 1):
 PSYoungGen      total 144896K, used 131865K [0x00000000ec700000, 0x00000000f8500000, 0x0000000100000000)
  eden space 101376K, 100% used [0x00000000ec700000,0x00000000f2a00000,0x00000000f2a00000)
  from space 43520K, 70% used [0x00000000f5680000,0x00000000f7446520,0x00000000f8100000)
  to   space 45568K, 0% used [0x00000000f2a00000,0x00000000f2a00000,0x00000000f5680000)
 ParOldGen       total 92160K, used 42711K [0x00000000c5400000, 0x00000000cae00000, 0x00000000ec700000)
  object space 92160K, 46% used [0x00000000c5400000,0x00000000c7db5e58,0x00000000cae00000)
 Metaspace       used 21415K, capacity 21603K, committed 21888K, reserved 1069056K
  class space    used 2011K, capacity 2087K, committed 2176K, reserved 1048576K
Event: 26,788 GC heap after
Heap after GC invocations=16 (full 1):
 PSYoungGen      total 146944K, used 30345K [0x00000000ec700000, 0x00000000f9680000, 0x0000000100000000)
  eden space 101376K, 0% used [0x00000000ec700000,0x00000000ec700000,0x00000000f2a00000)
  from space 45568K, 66% used [0x00000000f2a00000,0x00000000f47a24f0,0x00000000f5680000)
  to   space 46592K, 0% used [0x00000000f6900000,0x00000000f6900000,0x00000000f9680000)
 ParOldGen       total 92160K, used 42711K [0x00000000c5400000, 0x00000000cae00000, 0x00000000ec700000)
  object space 92160K, 46% used [0x00000000c5400000,0x00000000c7db5e58,0x00000000cae00000)
 Metaspace       used 21415K, capacity 21603K, committed 21888K, reserved 1069056K
  class space    used 2011K, capacity 2087K, committed 2176K, reserved 1048576K
}
Event: 29,481 GC heap before
{Heap before GC invocations=17 (full 1):
 PSYoungGen      total 146944K, used 131721K [0x00000000ec700000, 0x00000000f9680000, 0x0000000100000000)
  eden space 101376K, 100% used [0x00000000ec700000,0x00000000f2a00000,0x00000000f2a00000)
  from space 45568K, 66% used [0x00000000f2a00000,0x00000000f47a24f0,0x00000000f5680000)
  to   space 46592K, 0% used [0x00000000f6900000,0x00000000f6900000,0x00000000f9680000)
 ParOldGen       total 92160K, used 42711K [0x00000000c5400000, 0x00000000cae00000, 0x00000000ec700000)
  object space 92160K, 46% used [0x00000000c5400000,0x00000000c7db5e58,0x00000000cae00000)
 Metaspace       used 21429K, capacity 21667K, committed 22144K, reserved 1069056K
  class space    used 2011K, capacity 2087K, committed 2176K, reserved 1048576K
Event: 29,514 GC heap after
Heap after GC invocations=17 (full 1):
 PSYoungGen      total 164864K, used 30297K [0x00000000ec700000, 0x00000000f9680000, 0x0000000100000000)
  eden space 118272K, 0% used [0x00000000ec700000,0x00000000ec700000,0x00000000f3a80000)
  from space 46592K, 65% used [0x00000000f6900000,0x00000000f8696500,0x00000000f9680000)
  to   space 47104K, 0% used [0x00000000f3a80000,0x00000000f3a80000,0x00000000f6880000)
 ParOldGen       total 92160K, used 42719K [0x00000000c5400000, 0x00000000cae00000, 0x00000000ec700000)
  object space 92160K, 46% used [0x00000000c5400000,0x00000000c7db7e58,0x00000000cae00000)
 Metaspace       used 21429K, capacity 21667K, committed 22144K, reserved 1069056K
  class space    used 2011K, capacity 2087K, committed 2176K, reserved 1048576K
}

