# JRE version: Java(TM) SE Runtime Environment (8.0_60-b27) (build 1.8.0_60-b27)
# Java VM: Java HotSpot(TM) 64-Bit Server VM (25.60-b23 mixed mode linux-amd64 compressed oops)
Heap:
 PSYoungGen      total 296448K, used 146086K [0x00000000ec700000, 0x0000000100000000, 0x0000000100000000)
  eden space 282624K, 46% used [0x00000000ec700000,0x00000000f48a1858,0x00000000fdb00000)
  from space 13824K, 96% used [0x00000000fdb00000,0x00000000fe808300,0x00000000fe880000)
  to   space 19968K, 0% used [0x00000000fec80000,0x00000000fec80000,0x0000000100000000)
 ParOldGen       total 77312K, used 50079K [0x00000000c5400000, 0x00000000c9f80000, 0x00000000ec700000)
  object space 77312K, 64% used [0x00000000c5400000,0x00000000c84e7c28,0x00000000c9f80000)
 Metaspace       used 20151K, capacity 20367K, committed 20736K, reserved 1069056K
  class space    used 1893K, capacity 1957K, committed 2048K, reserved 1048576K
GC Heap History (10 events):
Event: 24,488 GC heap before
{Heap before GC invocations=22 (full 1):
 PSYoungGen      total 266752K, used 256928K [0x00000000ec700000, 0x00000000fe000000, 0x0000000100000000)
  eden space 248320K, 100% used [0x00000000ec700000,0x00000000fb980000,0x00000000fb980000)
  from space 18432K, 46% used [0x00000000fcb00000,0x00000000fd3681e0,0x00000000fdd00000)
  to   space 17920K, 0% used [0x00000000fb980000,0x00000000fb980000,0x00000000fcb00000)
 ParOldGen       total 77312K, used 50047K [0x00000000c5400000, 0x00000000c9f80000, 0x00000000ec700000)
  object space 77312K, 64% used [0x00000000c5400000,0x00000000c84dfc28,0x00000000c9f80000)
 Metaspace       used 20036K, capacity 20239K, committed 20480K, reserved 1067008K
  class space    used 1892K, capacity 1957K, committed 2048K, reserved 1048576K
Event: 24,503 GC heap after
Heap after GC invocations=22 (full 1):
 PSYoungGen      total 266240K, used 9024K [0x00000000ec700000, 0x00000000fef80000, 0x0000000100000000)
  eden space 248320K, 0% used [0x00000000ec700000,0x00000000ec700000,0x00000000fb980000)
  from space 17920K, 50% used [0x00000000fb980000,0x00000000fc2501f0,0x00000000fcb00000)
  to   space 17408K, 0% used [0x00000000fde80000,0x00000000fde80000,0x00000000fef80000)
 ParOldGen       total 77312K, used 50047K [0x00000000c5400000, 0x00000000c9f80000, 0x00000000ec700000)
  object space 77312K, 64% used [0x00000000c5400000,0x00000000c84dfc28,0x00000000c9f80000)
 Metaspace       used 20036K, capacity 20239K, committed 20480K, reserved 1067008K
  class space    used 1892K, capacity 1957K, committed 2048K, reserved 1048576K
}
Event: 25,717 GC heap before
{Heap before GC invocations=23 (full 1):
 PSYoungGen      total 266240K, used 257344K [0x00000000ec700000, 0x00000000fef80000, 0x0000000100000000)
  eden space 248320K, 100% used [0x00000000ec700000,0x00000000fb980000,0x00000000fb980000)
  from space 17920K, 50% used [0x00000000fb980000,0x00000000fc2501f0,0x00000000fcb00000)
  to   space 17408K, 0% used [0x00000000fde80000,0x00000000fde80000,0x00000000fef80000)
 ParOldGen       total 77312K, used 50047K [0x00000000c5400000, 0x00000000c9f80000, 0x00000000ec700000)
  object space 77312K, 64% used [0x00000000c5400000,0x00000000c84dfc28,0x00000000c9f80000)
 Metaspace       used 20072K, capacity 20303K, committed 20736K, reserved 1069056K
  class space    used 1892K, capacity 1957K, committed 2048K, reserved 1048576K
Event: 25,755 GC heap after
Heap after GC invocations=23 (full 1):
 PSYoungGen      total 286208K, used 10112K [0x00000000ec700000, 0x00000000ff480000, 0x0000000100000000)
  eden space 268800K, 0% used [0x00000000ec700000,0x00000000ec700000,0x00000000fcd80000)
  from space 17408K, 58% used [0x00000000fde80000,0x00000000fe860230,0x00000000fef80000)
  to   space 17408K, 0% used [0x00000000fcd80000,0x00000000fcd80000,0x00000000fde80000)
 ParOldGen       total 77312K, used 50055K [0x00000000c5400000, 0x00000000c9f80000, 0x00000000ec700000)
  object space 77312K, 64% used [0x00000000c5400000,0x00000000c84e1c28,0x00000000c9f80000)
 Metaspace       used 20072K, capacity 20303K, committed 20736K, reserved 1069056K
  class space    used 1892K, capacity 1957K, committed 2048K, reserved 1048576K
}
Event: 27,006 GC heap before
{Heap before GC invocations=24 (full 1):
 PSYoungGen      total 286208K, used 278912K [0x00000000ec700000, 0x00000000ff480000, 0x0000000100000000)
  eden space 268800K, 100% used [0x00000000ec700000,0x00000000fcd80000,0x00000000fcd80000)
  from space 17408K, 58% used [0x00000000fde80000,0x00000000fe860230,0x00000000fef80000)
  to   space 17408K, 0% used [0x00000000fcd80000,0x00000000fcd80000,0x00000000fde80000)
 ParOldGen       total 77312K, used 50055K [0x00000000c5400000, 0x00000000c9f80000, 0x00000000ec700000)
  object space 77312K, 64% used [0x00000000c5400000,0x00000000c84e1c28,0x00000000c9f80000)
 Metaspace       used 20115K, capacity 20367K, committed 20736K, reserved 1069056K
  class space    used 1892K, capacity 1957K, committed 2048K, reserved 1048576K
Event: 27,027 GC heap after
Heap after GC invocations=24 (full 1):
 PSYoungGen      total 286208K, used 11648K [0x00000000ec700000, 0x0000000100000000, 0x0000000100000000)
  eden space 268800K, 0% used [0x00000000ec700000,0x00000000ec700000,0x00000000fcd80000)
  from space 17408K, 66% used [0x00000000fcd80000,0x00000000fd8e0290,0x00000000fde80000)
  to   space 17920K, 0% used [0x00000000fee80000,0x00000000fee80000,0x0000000100000000)
 ParOldGen       total 77312K, used 50063K [0x00000000c5400000, 0x00000000c9f80000, 0x00000000ec700000)
  object space 77312K, 64% used [0x00000000c5400000,0x00000000c84e3c28,0x00000000c9f80000)
 Metaspace       used 20115K, capacity 20367K, committed 20736K, reserved 1069056K
  class space    used 1892K, capacity 1957K, committed 2048K, reserved 1048576K
}
Event: 28,226 GC heap before
{Heap before GC invocations=25 (full 1):
 PSYoungGen      total 286208K, used 280448K [0x00000000ec700000, 0x0000000100000000, 0x0000000100000000)
  eden space 268800K, 100% used [0x00000000ec700000,0x00000000fcd80000,0x00000000fcd80000)
  from space 17408K, 66% used [0x00000000fcd80000,0x00000000fd8e0290,0x00000000fde80000)
  to   space 17920K, 0% used [0x00000000fee80000,0x00000000fee80000,0x0000000100000000)
 ParOldGen       total 77312K, used 50063K [0x00000000c5400000, 0x00000000c9f80000, 0x00000000ec700000)
  object space 77312K, 64% used [0x00000000c5400000,0x00000000c84e3c28,0x00000000c9f80000)
 Metaspace       used 20126K, capacity 20367K, committed 20736K, reserved 1069056K
  class space    used 1892K, capacity 1957K, committed 2048K, reserved 1048576K
Event: 28,252 GC heap after
Heap after GC invocations=25 (full 1):
 PSYoungGen      total 300544K, used 13408K [0x00000000ec700000, 0x0000000100000000, 0x0000000100000000)
  eden space 282624K, 0% used [0x00000000ec700000,0x00000000ec700000,0x00000000fdb00000)
  from space 17920K, 74% used [0x00000000fee80000,0x00000000ffb98300,0x0000000100000000)
  to   space 18944K, 0% used [0x00000000fdb00000,0x00000000fdb00000,0x00000000fed80000)
 ParOldGen       total 77312K, used 50071K [0x00000000c5400000, 0x00000000c9f80000, 0x00000000ec700000)
  object space 77312K, 64% used [0x00000000c5400000,0x00000000c84e5c28,0x00000000c9f80000)
 Metaspace       used 20126K, capacity 20367K, committed 20736K, reserved 1069056K
  class space    used 1892K, capacity 1957K, committed 2048K, reserved 1048576K
}
Event: 29,498 GC heap before
{Heap before GC invocations=26 (full 1):
 PSYoungGen      total 300544K, used 296032K [0x00000000ec700000, 0x0000000100000000, 0x0000000100000000)
  eden space 282624K, 100% used [0x00000000ec700000,0x00000000fdb00000,0x00000000fdb00000)
  from space 17920K, 74% used [0x00000000fee80000,0x00000000ffb98300,0x0000000100000000)
  to   space 18944K, 0% used [0x00000000fdb00000,0x00000000fdb00000,0x00000000fed80000)
 ParOldGen       total 77312K, used 50071K [0x00000000c5400000, 0x00000000c9f80000, 0x00000000ec700000)
  object space 77312K, 64% used [0x00000000c5400000,0x00000000c84e5c28,0x00000000c9f80000)
 Metaspace       used 20144K, capacity 20367K, committed 20736K, reserved 1069056K
  class space    used 1892K, capacity 1957K, committed 2048K, reserved 1048576K
Event: 29,507 GC heap after
Heap after GC invocations=26 (full 1):
 PSYoungGen      total 296448K, used 13344K [0x00000000ec700000, 0x0000000100000000, 0x0000000100000000)
  eden space 282624K, 0% used [0x00000000ec700000,0x00000000ec700000,0x00000000fdb00000)
  from space 13824K, 96% used [0x00000000fdb00000,0x00000000fe808300,0x00000000fe880000)
  to   space 19968K, 0% used [0x00000000fec80000,0x00000000fec80000,0x0000000100000000)
 ParOldGen       total 77312K, used 50079K [0x00000000c5400000, 0x00000000c9f80000, 0x00000000ec700000)
  object space 77312K, 64% used [0x00000000c5400000,0x00000000c84e7c28,0x00000000c9f80000)
 Metaspace       used 20144K, capacity 20367K, committed 20736K, reserved 1069056K
  class space    used 1892K, capacity 1957K, committed 2048K, reserved 1048576K
}

