# JRE version: Java(TM) SE Runtime Environment (8.0_60-b27) (build 1.8.0_60-b27)
# Java VM: Java HotSpot(TM) 64-Bit Server VM (25.60-b23 mixed mode linux-amd64 compressed oops)
Heap:
 PSYoungGen      total 294400K, used 120555K [0x00000000ec700000, 0x00000000fe980000, 0x0000000100000000)
  eden space 291328K, 41% used [0x00000000ec700000,0x00000000f3c9af58,0x00000000fe380000)
  from space 3072K, 4% used [0x00000000fe380000,0x00000000fe3a0000,0x00000000fe680000)
  to   space 2560K, 0% used [0x00000000fe700000,0x00000000fe700000,0x00000000fe980000)
 ParOldGen       total 103936K, used 54842K [0x00000000c5400000, 0x00000000cb980000, 0x00000000ec700000)
  object space 103936K, 52% used [0x00000000c5400000,0x00000000c898eab8,0x00000000cb980000)
 Metaspace       used 19716K, capacity 19943K, committed 20224K, reserved 1067008K
  class space    used 1848K, capacity 1923K, committed 2048K, reserved 1048576K
GC Heap History (10 events):
Event: 71,805 GC heap before
{Heap before GC invocations=61 (full 2):
 PSYoungGen      total 292864K, used 289344K [0x00000000ec700000, 0x00000000fe980000, 0x0000000100000000)
  eden space 289280K, 100% used [0x00000000ec700000,0x00000000fe180000,0x00000000fe180000)
  from space 3584K, 1% used [0x00000000fe600000,0x00000000fe610000,0x00000000fe980000)
  to   space 4096K, 0% used [0x00000000fe180000,0x00000000fe180000,0x00000000fe580000)
 ParOldGen       total 103936K, used 54842K [0x00000000c5400000, 0x00000000cb980000, 0x00000000ec700000)
  object space 103936K, 52% used [0x00000000c5400000,0x00000000c898eab8,0x00000000cb980000)
 Metaspace       used 19700K, capacity 19943K, committed 20224K, reserved 1067008K
  class space    used 1846K, capacity 1923K, committed 2048K, reserved 1048576K
Event: 71,808 GC heap after
Heap after GC invocations=61 (full 2):
 PSYoungGen      total 293376K, used 32K [0x00000000ec700000, 0x00000000fe980000, 0x0000000100000000)
  eden space 289280K, 0% used [0x00000000ec700000,0x00000000ec700000,0x00000000fe180000)
  from space 4096K, 0% used [0x00000000fe180000,0x00000000fe188000,0x00000000fe580000)
  to   space 3584K, 0% used [0x00000000fe600000,0x00000000fe600000,0x00000000fe980000)
 ParOldGen       total 103936K, used 54842K [0x00000000c5400000, 0x00000000cb980000, 0x00000000ec700000)
  object space 103936K, 52% used [0x00000000c5400000,0x00000000c898eab8,0x00000000cb980000)
 Metaspace       used 19700K, capacity 19943K, committed 20224K, reserved 1067008K
  class space    used 1846K, capacity 1923K, committed 2048K, reserved 1048576K
}
Event: 73,153 GC heap before
{Heap before GC invocations=62 (full 2):
 PSYoungGen      total 293376K, used 289312K [0x00000000ec700000, 0x00000000fe980000, 0x0000000100000000)
  eden space 289280K, 100% used [0x00000000ec700000,0x00000000fe180000,0x00000000fe180000)
  from space 4096K, 0% used [0x00000000fe180000,0x00000000fe188000,0x00000000fe580000)
  to   space 3584K, 0% used [0x00000000fe600000,0x00000000fe600000,0x00000000fe980000)
 ParOldGen       total 103936K, used 54842K [0x00000000c5400000, 0x00000000cb980000, 0x00000000ec700000)
  object space 103936K, 52% used [0x00000000c5400000,0x00000000c898eab8,0x00000000cb980000)
 Metaspace       used 19700K, capacity 19943K, committed 20224K, reserved 1067008K
  class space    used 1846K, capacity 1923K, committed 2048K, reserved 1048576K
Event: 73,156 GC heap after
Heap after GC invocations=62 (full 2):
 PSYoungGen      total 293888K, used 96K [0x00000000ec700000, 0x00000000fe980000, 0x0000000100000000)
  eden space 290304K, 0% used [0x00000000ec700000,0x00000000ec700000,0x00000000fe280000)
  from space 3584K, 2% used [0x00000000fe600000,0x00000000fe618000,0x00000000fe980000)
  to   space 3584K, 0% used [0x00000000fe280000,0x00000000fe280000,0x00000000fe600000)
 ParOldGen       total 103936K, used 54842K [0x00000000c5400000, 0x00000000cb980000, 0x00000000ec700000)
  object space 103936K, 52% used [0x00000000c5400000,0x00000000c898eab8,0x00000000cb980000)
 Metaspace       used 19700K, capacity 19943K, committed 20224K, reserved 1067008K
  class space    used 1846K, capacity 1923K, committed 2048K, reserved 1048576K
}
Event: 74,514 GC heap before
{Heap before GC invocations=63 (full 2):
 PSYoungGen      total 293888K, used 290400K [0x00000000ec700000, 0x00000000fe980000, 0x0000000100000000)
  eden space 290304K, 100% used [0x00000000ec700000,0x00000000fe280000,0x00000000fe280000)
  from space 3584K, 2% used [0x00000000fe600000,0x00000000fe618000,0x00000000fe980000)
  to   space 3584K, 0% used [0x00000000fe280000,0x00000000fe280000,0x00000000fe600000)
 ParOldGen       total 103936K, used 54842K [0x00000000c5400000, 0x00000000cb980000, 0x00000000ec700000)
  object space 103936K, 52% used [0x00000000c5400000,0x00000000c898eab8,0x00000000cb980000)
 Metaspace       used 19700K, capacity 19943K, committed 20224K, reserved 1067008K
  class space    used 1846K, capacity 1923K, committed 2048K, reserved 1048576K
Event: 74,518 GC heap after
Heap after GC invocations=63 (full 2):
 PSYoungGen      total 293888K, used 64K [0x00000000ec700000, 0x00000000fe980000, 0x0000000100000000)
  eden space 290304K, 0% used [0x00000000ec700000,0x00000000ec700000,0x00000000fe280000)
  from space 3584K, 1% used [0x00000000fe280000,0x00000000fe290000,0x00000000fe600000)
  to   space 3072K, 0% used [0x00000000fe680000,0x00000000fe680000,0x00000000fe980000)
 ParOldGen       total 103936K, used 54842K [0x00000000c5400000, 0x00000000cb980000, 0x00000000ec700000)
  object space 103936K, 52% used [0x00000000c5400000,0x00000000c898eab8,0x00000000cb980000)
 Metaspace       used 19700K, capacity 19943K, committed 20224K, reserved 1067008K
  class space    used 1846K, capacity 1923K, committed 2048K, reserved 1048576K
}
Event: 75,761 GC heap before
{Heap before GC invocations=64 (full 2):
 PSYoungGen      total 293888K, used 290368K [0x00000000ec700000, 0x00000000fe980000, 0x0000000100000000)
  eden space 290304K, 100% used [0x00000000ec700000,0x00000000fe280000,0x00000000fe280000)
  from space 3584K, 1% used [0x00000000fe280000,0x00000000fe290000,0x00000000fe600000)
  to   space 3072K, 0% used [0x00000000fe680000,0x00000000fe680000,0x00000000fe980000)
 ParOldGen       total 103936K, used 54842K [0x00000000c5400000, 0x00000000cb980000, 0x00000000ec700000)
  object space 103936K, 52% used [0x00000000c5400000,0x00000000c898eab8,0x00000000cb980000)
 Metaspace       used 19700K, capacity 19943K, committed 20224K, reserved 1067008K
  class space    used 1846K, capacity 1923K, committed 2048K, reserved 1048576K
Event: 75,763 GC heap after
Heap after GC invocations=64 (full 2):
 PSYoungGen      total 294400K, used 96K [0x00000000ec700000, 0x00000000fe980000, 0x0000000100000000)
  eden space 291328K, 0% used [0x00000000ec700000,0x00000000ec700000,0x00000000fe380000)
  from space 3072K, 3% used [0x00000000fe680000,0x00000000fe698000,0x00000000fe980000)
  to   space 3072K, 0% used [0x00000000fe380000,0x00000000fe380000,0x00000000fe680000)
 ParOldGen       total 103936K, used 54842K [0x00000000c5400000, 0x00000000cb980000, 0x00000000ec700000)
  object space 103936K, 52% used [0x00000000c5400000,0x00000000c898eab8,0x00000000cb980000)
 Metaspace       used 19700K, capacity 19943K, committed 20224K, reserved 1067008K
  class space    used 1846K, capacity 1923K, committed 2048K, reserved 1048576K
}
Event: 77,038 GC heap before
{Heap before GC invocations=65 (full 2):
 PSYoungGen      total 294400K, used 291424K [0x00000000ec700000, 0x00000000fe980000, 0x0000000100000000)
  eden space 291328K, 100% used [0x00000000ec700000,0x00000000fe380000,0x00000000fe380000)
  from space 3072K, 3% used [0x00000000fe680000,0x00000000fe698000,0x00000000fe980000)
  to   space 3072K, 0% used [0x00000000fe380000,0x00000000fe380000,0x00000000fe680000)
 ParOldGen       total 103936K, used 54842K [0x00000000c5400000, 0x00000000cb980000, 0x00000000ec700000)
  object space 103936K, 52% used [0x00000000c5400000,0x00000000c898eab8,0x00000000cb980000)
 Metaspace       used 19704K, capacity 19943K, committed 20224K, reserved 1067008K
  class space    used 1846K, capacity 1923K, committed 2048K, reserved 1048576K
Event: 77,040 GC heap after
Heap after GC invocations=65 (full 2):
 PSYoungGen      total 294400K, used 128K [0x00000000ec700000, 0x00000000fe980000, 0x0000000100000000)
  eden space 291328K, 0% used [0x00000000ec700000,0x00000000ec700000,0x00000000fe380000)
  from space 3072K, 4% used [0x00000000fe380000,0x00000000fe3a0000,0x00000000fe680000)
  to   space 2560K, 0% used [0x00000000fe700000,0x00000000fe700000,0x00000000fe980000)
 ParOldGen       total 103936K, used 54842K [0x00000000c5400000, 0x00000000cb980000, 0x00000000ec700000)
  object space 103936K, 52% used [0x00000000c5400000,0x00000000c898eab8,0x00000000cb980000)
 Metaspace       used 19704K, capacity 19943K, committed 20224K, reserved 1067008K
  class space    used 1846K, capacity 1923K, committed 2048K, reserved 1048576K
}

