# JRE version: Java(TM) SE Runtime Environment (8.0_60-b27) (build 1.8.0_60-b27)
# Java VM: Java HotSpot(TM) 64-Bit Server VM (25.60-b23 mixed mode linux-amd64 compressed oops)
Heap:
 PSYoungGen      total 83456K, used 64604K [0x00000000ec700000, 0x00000000f2c00000, 0x0000000100000000)
  eden space 73728K, 74% used [0x00000000ec700000,0x00000000efcff0a8,0x00000000f0f00000)
  from space 9728K, 95% used [0x00000000f1180000,0x00000000f1a98250,0x00000000f1b00000)
  to   space 14848K, 0% used [0x00000000f1d80000,0x00000000f1d80000,0x00000000f2c00000)
 ParOldGen       total 45568K, used 28039K [0x00000000c5400000, 0x00000000c8080000, 0x00000000ec700000)
  object space 45568K, 61% used [0x00000000c5400000,0x00000000c6f61d88,0x00000000c8080000)
 Metaspace       used 21749K, capacity 21991K, committed 22320K, reserved 1069056K
  class space    used 2003K, capacity 2087K, committed 2176K, reserved 1048576K
GC Heap History (10 events):
Event: 20,249 GC heap before
{Heap before GC invocations=10 (full 1):
 PSYoungGen      total 56832K, used 53104K [0x00000000ec700000, 0x00000000f0b80000, 0x0000000100000000)
  eden space 45568K, 100% used [0x00000000ec700000,0x00000000ef380000,0x00000000ef380000)
  from space 11264K, 66% used [0x00000000eff00000,0x00000000f065c1f0,0x00000000f0a00000)
  to   space 11776K, 0% used [0x00000000ef380000,0x00000000ef380000,0x00000000eff00000)
 ParOldGen       total 45568K, used 15580K [0x00000000c5400000, 0x00000000c8080000, 0x00000000ec700000)
  object space 45568K, 34% used [0x00000000c5400000,0x00000000c63371e8,0x00000000c8080000)
 Metaspace       used 21588K, capacity 21799K, committed 22064K, reserved 1069056K
  class space    used 2001K, capacity 2087K, committed 2176K, reserved 1048576K
Event: 20,265 GC heap after
Heap after GC invocations=10 (full 1):
 PSYoungGen      total 57344K, used 11616K [0x00000000ec700000, 0x00000000f1c00000, 0x0000000100000000)
  eden space 45568K, 0% used [0x00000000ec700000,0x00000000ec700000,0x00000000ef380000)
  from space 11776K, 98% used [0x00000000ef380000,0x00000000efed82e0,0x00000000eff00000)
  to   space 13312K, 0% used [0x00000000f0f00000,0x00000000f0f00000,0x00000000f1c00000)
 ParOldGen       total 45568K, used 16612K [0x00000000c5400000, 0x00000000c8080000, 0x00000000ec700000)
  object space 45568K, 36% used [0x00000000c5400000,0x00000000c6439228,0x00000000c8080000)
 Metaspace       used 21588K, capacity 21799K, committed 22064K, reserved 1069056K
  class space    used 2001K, capacity 2087K, committed 2176K, reserved 1048576K
}
Event: 24,188 GC heap before
{Heap before GC invocations=11 (full 1):
 PSYoungGen      total 57344K, used 57184K [0x00000000ec700000, 0x00000000f1c00000, 0x0000000100000000)
  eden space 45568K, 100% used [0x00000000ec700000,0x00000000ef380000,0x00000000ef380000)
  from space 11776K, 98% used [0x00000000ef380000,0x00000000efed82e0,0x00000000eff00000)
  to   space 13312K, 0% used [0x00000000f0f00000,0x00000000f0f00000,0x00000000f1c00000)
 ParOldGen       total 45568K, used 16612K [0x00000000c5400000, 0x00000000c8080000, 0x00000000ec700000)
  object space 45568K, 36% used [0x00000000c5400000,0x00000000c6439228,0x00000000c8080000)
 Metaspace       used 21662K, capacity 21863K, committed 22320K, reserved 1069056K
  class space    used 2001K, capacity 2087K, committed 2176K, reserved 1048576K
Event: 24,202 GC heap after
Heap after GC invocations=11 (full 1):
 PSYoungGen      total 72704K, used 9552K [0x00000000ec700000, 0x00000000f1d80000, 0x0000000100000000)
  eden space 59392K, 0% used [0x00000000ec700000,0x00000000ec700000,0x00000000f0100000)
  from space 13312K, 71% used [0x00000000f0f00000,0x00000000f1854270,0x00000000f1c00000)
  to   space 14336K, 0% used [0x00000000f0100000,0x00000000f0100000,0x00000000f0f00000)
 ParOldGen       total 45568K, used 18708K [0x00000000c5400000, 0x00000000c8080000, 0x00000000ec700000)
  object space 45568K, 41% used [0x00000000c5400000,0x00000000c66452a8,0x00000000c8080000)
 Metaspace       used 21662K, capacity 21863K, committed 22320K, reserved 1069056K
  class space    used 2001K, capacity 2087K, committed 2176K, reserved 1048576K
}
Event: 27,132 GC heap before
{Heap before GC invocations=12 (full 1):
 PSYoungGen      total 72704K, used 68944K [0x00000000ec700000, 0x00000000f1d80000, 0x0000000100000000)
  eden space 59392K, 100% used [0x00000000ec700000,0x00000000f0100000,0x00000000f0100000)
  from space 13312K, 71% used [0x00000000f0f00000,0x00000000f1854270,0x00000000f1c00000)
  to   space 14336K, 0% used [0x00000000f0100000,0x00000000f0100000,0x00000000f0f00000)
 ParOldGen       total 45568K, used 18708K [0x00000000c5400000, 0x00000000c8080000, 0x00000000ec700000)
  object space 45568K, 41% used [0x00000000c5400000,0x00000000c66452a8,0x00000000c8080000)
 Metaspace       used 21701K, capacity 21927K, committed 22320K, reserved 1069056K
  class space    used 2001K, capacity 2087K, committed 2176K, reserved 1048576K
Event: 27,148 GC heap after
Heap after GC invocations=12 (full 1):
 PSYoungGen      total 73728K, used 12128K [0x00000000ec700000, 0x00000000f3100000, 0x0000000100000000)
  eden space 59392K, 0% used [0x00000000ec700000,0x00000000ec700000,0x00000000f0100000)
  from space 14336K, 84% used [0x00000000f0100000,0x00000000f0cd8300,0x00000000f0f00000)
  to   space 15360K, 0% used [0x00000000f2200000,0x00000000f2200000,0x00000000f3100000)
 ParOldGen       total 45568K, used 22588K [0x00000000c5400000, 0x00000000c8080000, 0x00000000ec700000)
  object space 45568K, 49% used [0x00000000c5400000,0x00000000c6a0f398,0x00000000c8080000)
 Metaspace       used 21701K, capacity 21927K, committed 22320K, reserved 1069056K
  class space    used 2001K, capacity 2087K, committed 2176K, reserved 1048576K
}
Event: 32,690 GC heap before
{Heap before GC invocations=13 (full 1):
 PSYoungGen      total 73728K, used 71520K [0x00000000ec700000, 0x00000000f3100000, 0x0000000100000000)
  eden space 59392K, 100% used [0x00000000ec700000,0x00000000f0100000,0x00000000f0100000)
  from space 14336K, 84% used [0x00000000f0100000,0x00000000f0cd8300,0x00000000f0f00000)
  to   space 15360K, 0% used [0x00000000f2200000,0x00000000f2200000,0x00000000f3100000)
 ParOldGen       total 45568K, used 22588K [0x00000000c5400000, 0x00000000c8080000, 0x00000000ec700000)
  object space 45568K, 49% used [0x00000000c5400000,0x00000000c6a0f398,0x00000000c8080000)
 Metaspace       used 21714K, capacity 21927K, committed 22320K, reserved 1069056K
  class space    used 2001K, capacity 2087K, committed 2176K, reserved 1048576K
Event: 32,705 GC heap after
Heap after GC invocations=13 (full 1):
 PSYoungGen      total 89088K, used 7616K [0x00000000ec700000, 0x00000000f2e80000, 0x0000000100000000)
  eden space 76288K, 0% used [0x00000000ec700000,0x00000000ec700000,0x00000000f1180000)
  from space 12800K, 59% used [0x00000000f2200000,0x00000000f29701d0,0x00000000f2e80000)
  to   space 14848K, 0% used [0x00000000f1180000,0x00000000f1180000,0x00000000f2000000)
 ParOldGen       total 45568K, used 28039K [0x00000000c5400000, 0x00000000c8080000, 0x00000000ec700000)
  object space 45568K, 61% used [0x00000000c5400000,0x00000000c6f61d88,0x00000000c8080000)
 Metaspace       used 21714K, capacity 21927K, committed 22320K, reserved 1069056K
  class space    used 2001K, capacity 2087K, committed 2176K, reserved 1048576K
}
Event: 39,303 GC heap before
{Heap before GC invocations=14 (full 1):
 PSYoungGen      total 89088K, used 83904K [0x00000000ec700000, 0x00000000f2e80000, 0x0000000100000000)
  eden space 76288K, 100% used [0x00000000ec700000,0x00000000f1180000,0x00000000f1180000)
  from space 12800K, 59% used [0x00000000f2200000,0x00000000f29701d0,0x00000000f2e80000)
  to   space 14848K, 0% used [0x00000000f1180000,0x00000000f1180000,0x00000000f2000000)
 ParOldGen       total 45568K, used 28039K [0x00000000c5400000, 0x00000000c8080000, 0x00000000ec700000)
  object space 45568K, 61% used [0x00000000c5400000,0x00000000c6f61d88,0x00000000c8080000)
 Metaspace       used 21742K, capacity 21991K, committed 22320K, reserved 1069056K
  class space    used 2002K, capacity 2087K, committed 2176K, reserved 1048576K
Event: 39,311 GC heap after
Heap after GC invocations=14 (full 1):
 PSYoungGen      total 83456K, used 9312K [0x00000000ec700000, 0x00000000f2c00000, 0x0000000100000000)
  eden space 73728K, 0% used [0x00000000ec700000,0x00000000ec700000,0x00000000f0f00000)
  from space 9728K, 95% used [0x00000000f1180000,0x00000000f1a98250,0x00000000f1b00000)
  to   space 14848K, 0% used [0x00000000f1d80000,0x00000000f1d80000,0x00000000f2c00000)
 ParOldGen       total 45568K, used 28039K [0x00000000c5400000, 0x00000000c8080000, 0x00000000ec700000)
  object space 45568K, 61% used [0x00000000c5400000,0x00000000c6f61d88,0x00000000c8080000)
 Metaspace       used 21742K, capacity 21991K, committed 22320K, reserved 1069056K
  class space    used 2002K, capacity 2087K, committed 2176K, reserved 1048576K
}

