# JRE version: Java(TM) SE Runtime Environment (8.0_60-b27) (build 1.8.0_60-b27)
# Java VM: Java HotSpot(TM) 64-Bit Server VM (25.60-b23 mixed mode linux-amd64 compressed oops)
Heap:
 PSYoungGen      total 256000K, used 34775K [0x00000000ec700000, 0x00000000fe080000, 0x0000000100000000)
  eden space 225792K, 15% used [0x00000000ec700000,0x00000000ee8cde60,0x00000000fa380000)
  from space 30208K, 0% used [0x00000000fc300000,0x00000000fc328000,0x00000000fe080000)
  to   space 31232K, 0% used [0x00000000fa380000,0x00000000fa380000,0x00000000fc200000)
 ParOldGen       total 101376K, used 66374K [0x00000000c5400000, 0x00000000cb700000, 0x00000000ec700000)
  object space 101376K, 65% used [0x00000000c5400000,0x00000000c94d18c0,0x00000000cb700000)
 Metaspace       used 20257K, capacity 20491K, committed 20736K, reserved 1069056K
  class space    used 1890K, capacity 1957K, committed 2048K, reserved 1048576K
GC Heap History (10 events):
Event: 27,898 GC heap before
{Heap before GC invocations=32 (full 2):
 PSYoungGen      total 249856K, used 222912K [0x00000000ec700000, 0x00000000fdf80000, 0x0000000100000000)
  eden space 215040K, 100% used [0x00000000ec700000,0x00000000f9900000,0x00000000f9900000)
  from space 34816K, 22% used [0x00000000f9900000,0x00000000fa0b01e0,0x00000000fbb00000)
  to   space 33792K, 0% used [0x00000000fbe80000,0x00000000fbe80000,0x00000000fdf80000)
 ParOldGen       total 101376K, used 58573K [0x00000000c5400000, 0x00000000cb700000, 0x00000000ec700000)
  object space 101376K, 57% used [0x00000000c5400000,0x00000000c8d336e0,0x00000000cb700000)
 Metaspace       used 20210K, capacity 20427K, committed 20736K, reserved 1069056K
  class space    used 1889K, capacity 1957K, committed 2048K, reserved 1048576K
Event: 27,904 GC heap after
Heap after GC invocations=32 (full 2):
 PSYoungGen      total 250368K, used 7872K [0x00000000ec700000, 0x00000000fdd00000, 0x0000000100000000)
  eden space 219136K, 0% used [0x00000000ec700000,0x00000000ec700000,0x00000000f9d00000)
  from space 31232K, 25% used [0x00000000fbe80000,0x00000000fc6301e0,0x00000000fdd00000)
  to   space 32768K, 0% used [0x00000000f9d00000,0x00000000f9d00000,0x00000000fbd00000)
 ParOldGen       total 101376K, used 58589K [0x00000000c5400000, 0x00000000cb700000, 0x00000000ec700000)
  object space 101376K, 57% used [0x00000000c5400000,0x00000000c8d376e0,0x00000000cb700000)
 Metaspace       used 20210K, capacity 20427K, committed 20736K, reserved 1069056K
  class space    used 1889K, capacity 1957K, committed 2048K, reserved 1048576K
}
Event: 28,867 GC heap before
{Heap before GC invocations=33 (full 2):
 PSYoungGen      total 250368K, used 227008K [0x00000000ec700000, 0x00000000fdd00000, 0x0000000100000000)
  eden space 219136K, 100% used [0x00000000ec700000,0x00000000f9d00000,0x00000000f9d00000)
  from space 31232K, 25% used [0x00000000fbe80000,0x00000000fc6301e0,0x00000000fdd00000)
  to   space 32768K, 0% used [0x00000000f9d00000,0x00000000f9d00000,0x00000000fbd00000)
 ParOldGen       total 101376K, used 58589K [0x00000000c5400000, 0x00000000cb700000, 0x00000000ec700000)
  object space 101376K, 57% used [0x00000000c5400000,0x00000000c8d376e0,0x00000000cb700000)
 Metaspace       used 20221K, capacity 20491K, committed 20736K, reserved 1069056K
  class space    used 1889K, capacity 1957K, committed 2048K, reserved 1048576K
Event: 28,873 GC heap after
Heap after GC invocations=33 (full 2):
 PSYoungGen      total 251904K, used 7872K [0x00000000ec700000, 0x00000000fde80000, 0x0000000100000000)
  eden space 219136K, 0% used [0x00000000ec700000,0x00000000ec700000,0x00000000f9d00000)
  from space 32768K, 24% used [0x00000000f9d00000,0x00000000fa4b01e0,0x00000000fbd00000)
  to   space 31744K, 0% used [0x00000000fbf80000,0x00000000fbf80000,0x00000000fde80000)
 ParOldGen       total 101376K, used 58621K [0x00000000c5400000, 0x00000000cb700000, 0x00000000ec700000)
  object space 101376K, 57% used [0x00000000c5400000,0x00000000c8d3f6e0,0x00000000cb700000)
 Metaspace       used 20221K, capacity 20491K, committed 20736K, reserved 1069056K
  class space    used 1889K, capacity 1957K, committed 2048K, reserved 1048576K
}
Event: 29,851 GC heap before
{Heap before GC invocations=34 (full 2):
 PSYoungGen      total 251904K, used 227008K [0x00000000ec700000, 0x00000000fde80000, 0x0000000100000000)
  eden space 219136K, 100% used [0x00000000ec700000,0x00000000f9d00000,0x00000000f9d00000)
  from space 32768K, 24% used [0x00000000f9d00000,0x00000000fa4b01e0,0x00000000fbd00000)
  to   space 31744K, 0% used [0x00000000fbf80000,0x00000000fbf80000,0x00000000fde80000)
 ParOldGen       total 101376K, used 58621K [0x00000000c5400000, 0x00000000cb700000, 0x00000000ec700000)
  object space 101376K, 57% used [0x00000000c5400000,0x00000000c8d3f6e0,0x00000000cb700000)
 Metaspace       used 20242K, capacity 20491K, committed 20736K, reserved 1069056K
  class space    used 1889K, capacity 1957K, committed 2048K, reserved 1048576K
Event: 29,875 GC heap after
Heap after GC invocations=34 (full 2):
 PSYoungGen      total 254464K, used 1984K [0x00000000ec700000, 0x00000000fdf80000, 0x0000000100000000)
  eden space 222720K, 0% used [0x00000000ec700000,0x00000000ec700000,0x00000000fa080000)
  from space 31744K, 6% used [0x00000000fbf80000,0x00000000fc170070,0x00000000fde80000)
  to   space 31744K, 0% used [0x00000000fa080000,0x00000000fa080000,0x00000000fbf80000)
 ParOldGen       total 101376K, used 64542K [0x00000000c5400000, 0x00000000cb700000, 0x00000000ec700000)
  object space 101376K, 63% used [0x00000000c5400000,0x00000000c9307850,0x00000000cb700000)
 Metaspace       used 20242K, capacity 20491K, committed 20736K, reserved 1069056K
  class space    used 1889K, capacity 1957K, committed 2048K, reserved 1048576K
}
Event: 30,879 GC heap before
{Heap before GC invocations=35 (full 2):
 PSYoungGen      total 254464K, used 224704K [0x00000000ec700000, 0x00000000fdf80000, 0x0000000100000000)
  eden space 222720K, 100% used [0x00000000ec700000,0x00000000fa080000,0x00000000fa080000)
  from space 31744K, 6% used [0x00000000fbf80000,0x00000000fc170070,0x00000000fde80000)
  to   space 31744K, 0% used [0x00000000fa080000,0x00000000fa080000,0x00000000fbf80000)
 ParOldGen       total 101376K, used 64542K [0x00000000c5400000, 0x00000000cb700000, 0x00000000ec700000)
  object space 101376K, 63% used [0x00000000c5400000,0x00000000c9307850,0x00000000cb700000)
 Metaspace       used 20244K, capacity 20491K, committed 20736K, reserved 1069056K
  class space    used 1889K, capacity 1957K, committed 2048K, reserved 1048576K
Event: 30,888 GC heap after
Heap after GC invocations=35 (full 2):
 PSYoungGen      total 254464K, used 192K [0x00000000ec700000, 0x00000000fe200000, 0x0000000100000000)
  eden space 222720K, 0% used [0x00000000ec700000,0x00000000ec700000,0x00000000fa080000)
  from space 31744K, 0% used [0x00000000fa080000,0x00000000fa0b0000,0x00000000fbf80000)
  to   space 31744K, 0% used [0x00000000fc300000,0x00000000fc300000,0x00000000fe200000)
 ParOldGen       total 101376K, used 66366K [0x00000000c5400000, 0x00000000cb700000, 0x00000000ec700000)
  object space 101376K, 65% used [0x00000000c5400000,0x00000000c94cf8c0,0x00000000cb700000)
 Metaspace       used 20244K, capacity 20491K, committed 20736K, reserved 1069056K
  class space    used 1889K, capacity 1957K, committed 2048K, reserved 1048576K
}
Event: 31,864 GC heap before
{Heap before GC invocations=36 (full 2):
 PSYoungGen      total 254464K, used 222912K [0x00000000ec700000, 0x00000000fe200000, 0x0000000100000000)
  eden space 222720K, 100% used [0x00000000ec700000,0x00000000fa080000,0x00000000fa080000)
  from space 31744K, 0% used [0x00000000fa080000,0x00000000fa0b0000,0x00000000fbf80000)
  to   space 31744K, 0% used [0x00000000fc300000,0x00000000fc300000,0x00000000fe200000)
 ParOldGen       total 101376K, used 66366K [0x00000000c5400000, 0x00000000cb700000, 0x00000000ec700000)
  object space 101376K, 65% used [0x00000000c5400000,0x00000000c94cf8c0,0x00000000cb700000)
 Metaspace       used 20254K, capacity 20491K, committed 20736K, reserved 1069056K
  class space    used 1890K, capacity 1957K, committed 2048K, reserved 1048576K
Event: 31,867 GC heap after
Heap after GC invocations=36 (full 2):
 PSYoungGen      total 256000K, used 160K [0x00000000ec700000, 0x00000000fe080000, 0x0000000100000000)
  eden space 225792K, 0% used [0x00000000ec700000,0x00000000ec700000,0x00000000fa380000)
  from space 30208K, 0% used [0x00000000fc300000,0x00000000fc328000,0x00000000fe080000)
  to   space 31232K, 0% used [0x00000000fa380000,0x00000000fa380000,0x00000000fc200000)
 ParOldGen       total 101376K, used 66374K [0x00000000c5400000, 0x00000000cb700000, 0x00000000ec700000)
  object space 101376K, 65% used [0x00000000c5400000,0x00000000c94d18c0,0x00000000cb700000)
 Metaspace       used 20254K, capacity 20491K, committed 20736K, reserved 1069056K
  class space    used 1890K, capacity 1957K, committed 2048K, reserved 1048576K
}

