# JRE version: Java(TM) SE Runtime Environment (8.0_60-b27) (build 1.8.0_60-b27)
# Java VM: Java HotSpot(TM) 64-Bit Server VM (25.60-b23 mixed mode linux-amd64 compressed oops)
Heap:
 PSYoungGen      total 308224K, used 219456K [0x00000000ec700000, 0x0000000100000000, 0x0000000100000000)
  eden space 295936K, 70% used [0x00000000ec700000,0x00000000f9160008,0x00000000fe800000)
  from space 12288K, 99% used [0x00000000fe800000,0x00000000ff3f02c0,0x00000000ff400000)
  to   space 12288K, 0% used [0x00000000ff400000,0x00000000ff400000,0x0000000100000000)
 ParOldGen       total 76800K, used 57537K [0x00000000c5400000, 0x00000000c9f00000, 0x00000000ec700000)
  object space 76800K, 74% used [0x00000000c5400000,0x00000000c8c30778,0x00000000c9f00000)
 Metaspace       used 20323K, capacity 20491K, committed 20736K, reserved 1069056K
  class space    used 1894K, capacity 1957K, committed 2048K, reserved 1048576K
GC Heap History (10 events):
Event: 33,752 GC heap before
{Heap before GC invocations=30 (full 1):
 PSYoungGen      total 304128K, used 294080K [0x00000000ec700000, 0x00000000ffe00000, 0x0000000100000000)
  eden space 292864K, 100% used [0x00000000ec700000,0x00000000fe500000,0x00000000fe500000)
  from space 11264K, 10% used [0x00000000ff300000,0x00000000ff430000,0x00000000ffe00000)
  to   space 12800K, 0% used [0x00000000fe500000,0x00000000fe500000,0x00000000ff180000)
 ParOldGen       total 76800K, used 54913K [0x00000000c5400000, 0x00000000c9f00000, 0x00000000ec700000)
  object space 76800K, 71% used [0x00000000c5400000,0x00000000c89a06d8,0x00000000c9f00000)
 Metaspace       used 20144K, capacity 20363K, committed 20736K, reserved 1069056K
  class space    used 1893K, capacity 1957K, committed 2048K, reserved 1048576K
Event: 33,757 GC heap after
Heap after GC invocations=30 (full 1):
 PSYoungGen      total 305664K, used 1248K [0x00000000ec700000, 0x00000000fff80000, 0x0000000100000000)
  eden space 292864K, 0% used [0x00000000ec700000,0x00000000ec700000,0x00000000fe500000)
  from space 12800K, 9% used [0x00000000fe500000,0x00000000fe638000,0x00000000ff180000)
  to   space 11776K, 0% used [0x00000000ff400000,0x00000000ff400000,0x00000000fff80000)
 ParOldGen       total 76800K, used 54929K [0x00000000c5400000, 0x00000000c9f00000, 0x00000000ec700000)
  object space 76800K, 71% used [0x00000000c5400000,0x00000000c89a46d8,0x00000000c9f00000)
 Metaspace       used 20144K, capacity 20363K, committed 20736K, reserved 1069056K
  class space    used 1893K, capacity 1957K, committed 2048K, reserved 1048576K
}
Event: 35,077 GC heap before
{Heap before GC invocations=31 (full 1):
 PSYoungGen      total 305664K, used 294112K [0x00000000ec700000, 0x00000000fff80000, 0x0000000100000000)
  eden space 292864K, 100% used [0x00000000ec700000,0x00000000fe500000,0x00000000fe500000)
  from space 12800K, 9% used [0x00000000fe500000,0x00000000fe638000,0x00000000ff180000)
  to   space 11776K, 0% used [0x00000000ff400000,0x00000000ff400000,0x00000000fff80000)
 ParOldGen       total 76800K, used 54929K [0x00000000c5400000, 0x00000000c9f00000, 0x00000000ec700000)
  object space 76800K, 71% used [0x00000000c5400000,0x00000000c89a46d8,0x00000000c9f00000)
 Metaspace       used 20188K, capacity 20363K, committed 20736K, reserved 1069056K
  class space    used 1893K, capacity 1957K, committed 2048K, reserved 1048576K
Event: 35,080 GC heap after
Heap after GC invocations=31 (full 1):
 PSYoungGen      total 305152K, used 1184K [0x00000000ec700000, 0x00000000ffd00000, 0x0000000100000000)
  eden space 295936K, 0% used [0x00000000ec700000,0x00000000ec700000,0x00000000fe800000)
  from space 9216K, 12% used [0x00000000ff400000,0x00000000ff528000,0x00000000ffd00000)
  to   space 10752K, 0% used [0x00000000fe800000,0x00000000fe800000,0x00000000ff280000)
 ParOldGen       total 76800K, used 54945K [0x00000000c5400000, 0x00000000c9f00000, 0x00000000ec700000)
  object space 76800K, 71% used [0x00000000c5400000,0x00000000c89a86d8,0x00000000c9f00000)
 Metaspace       used 20188K, capacity 20363K, committed 20736K, reserved 1069056K
  class space    used 1893K, capacity 1957K, committed 2048K, reserved 1048576K
}
Event: 36,284 GC heap before
{Heap before GC invocations=32 (full 1):
 PSYoungGen      total 305152K, used 297120K [0x00000000ec700000, 0x00000000ffd00000, 0x0000000100000000)
  eden space 295936K, 100% used [0x00000000ec700000,0x00000000fe800000,0x00000000fe800000)
  from space 9216K, 12% used [0x00000000ff400000,0x00000000ff528000,0x00000000ffd00000)
  to   space 10752K, 0% used [0x00000000fe800000,0x00000000fe800000,0x00000000ff280000)
 ParOldGen       total 76800K, used 54945K [0x00000000c5400000, 0x00000000c9f00000, 0x00000000ec700000)
  object space 76800K, 71% used [0x00000000c5400000,0x00000000c89a86d8,0x00000000c9f00000)
 Metaspace       used 20229K, capacity 20427K, committed 20736K, reserved 1069056K
  class space    used 1893K, capacity 1957K, committed 2048K, reserved 1048576K
Event: 36,288 GC heap after
Heap after GC invocations=32 (full 1):
 PSYoungGen      total 306688K, used 2432K [0x00000000ec700000, 0x0000000100000000, 0x0000000100000000)
  eden space 295936K, 0% used [0x00000000ec700000,0x00000000ec700000,0x00000000fe800000)
  from space 10752K, 22% used [0x00000000fe800000,0x00000000fea60080,0x00000000ff280000)
  to   space 10240K, 0% used [0x00000000ff600000,0x00000000ff600000,0x0000000100000000)
 ParOldGen       total 76800K, used 54961K [0x00000000c5400000, 0x00000000c9f00000, 0x00000000ec700000)
  object space 76800K, 71% used [0x00000000c5400000,0x00000000c89ac6d8,0x00000000c9f00000)
 Metaspace       used 20229K, capacity 20427K, committed 20736K, reserved 1069056K
  class space    used 1893K, capacity 1957K, committed 2048K, reserved 1048576K
}
Event: 37,421 GC heap before
{Heap before GC invocations=33 (full 1):
 PSYoungGen      total 306688K, used 298368K [0x00000000ec700000, 0x0000000100000000, 0x0000000100000000)
  eden space 295936K, 100% used [0x00000000ec700000,0x00000000fe800000,0x00000000fe800000)
  from space 10752K, 22% used [0x00000000fe800000,0x00000000fea60080,0x00000000ff280000)
  to   space 10240K, 0% used [0x00000000ff600000,0x00000000ff600000,0x0000000100000000)
 ParOldGen       total 76800K, used 54961K [0x00000000c5400000, 0x00000000c9f00000, 0x00000000ec700000)
  object space 76800K, 71% used [0x00000000c5400000,0x00000000c89ac6d8,0x00000000c9f00000)
 Metaspace       used 20278K, capacity 20491K, committed 20736K, reserved 1069056K
  class space    used 1893K, capacity 1957K, committed 2048K, reserved 1048576K
Event: 37,433 GC heap after
Heap after GC invocations=33 (full 1):
 PSYoungGen      total 306176K, used 10176K [0x00000000ec700000, 0x0000000100000000, 0x0000000100000000)
  eden space 295936K, 0% used [0x00000000ec700000,0x00000000ec700000,0x00000000fe800000)
  from space 10240K, 99% used [0x00000000ff600000,0x00000000ffff0260,0x0000000100000000)
  to   space 12288K, 0% used [0x00000000fe800000,0x00000000fe800000,0x00000000ff400000)
 ParOldGen       total 76800K, used 56249K [0x00000000c5400000, 0x00000000c9f00000, 0x00000000ec700000)
  object space 76800K, 73% used [0x00000000c5400000,0x00000000c8aee728,0x00000000c9f00000)
 Metaspace       used 20278K, capacity 20491K, committed 20736K, reserved 1069056K
  class space    used 1893K, capacity 1957K, committed 2048K, reserved 1048576K
}
Event: 38,601 GC heap before
{Heap before GC invocations=34 (full 1):
 PSYoungGen      total 306176K, used 306112K [0x00000000ec700000, 0x0000000100000000, 0x0000000100000000)
  eden space 295936K, 100% used [0x00000000ec700000,0x00000000fe800000,0x00000000fe800000)
  from space 10240K, 99% used [0x00000000ff600000,0x00000000ffff0260,0x0000000100000000)
  to   space 12288K, 0% used [0x00000000fe800000,0x00000000fe800000,0x00000000ff400000)
 ParOldGen       total 76800K, used 56249K [0x00000000c5400000, 0x00000000c9f00000, 0x00000000ec700000)
  object space 76800K, 73% used [0x00000000c5400000,0x00000000c8aee728,0x00000000c9f00000)
 Metaspace       used 20316K, capacity 20491K, committed 20736K, reserved 1069056K
  class space    used 1893K, capacity 1957K, committed 2048K, reserved 1048576K
Event: 38,613 GC heap after
Heap after GC invocations=34 (full 1):
 PSYoungGen      total 308224K, used 12224K [0x00000000ec700000, 0x0000000100000000, 0x0000000100000000)
  eden space 295936K, 0% used [0x00000000ec700000,0x00000000ec700000,0x00000000fe800000)
  from space 12288K, 99% used [0x00000000fe800000,0x00000000ff3f02c0,0x00000000ff400000)
  to   space 12288K, 0% used [0x00000000ff400000,0x00000000ff400000,0x0000000100000000)
 ParOldGen       total 76800K, used 57537K [0x00000000c5400000, 0x00000000c9f00000, 0x00000000ec700000)
  object space 76800K, 74% used [0x00000000c5400000,0x00000000c8c30778,0x00000000c9f00000)
 Metaspace       used 20316K, capacity 20491K, committed 20736K, reserved 1069056K
  class space    used 1893K, capacity 1957K, committed 2048K, reserved 1048576K
}

