# JRE version: Java(TM) SE Runtime Environment (8.0_60-b27) (build 1.8.0_60-b27)
# Java VM: Java HotSpot(TM) 64-Bit Server VM (25.60-b23 mixed mode linux-amd64 compressed oops)
Heap:
 PSYoungGen      total 309760K, used 127341K [0x00000000ec700000, 0x0000000100000000, 0x0000000100000000)
  eden space 300032K, 41% used [0x00000000ec700000,0x00000000f40fb450,0x00000000fec00000)
  from space 9728K, 25% used [0x00000000fec00000,0x00000000fee60090,0x00000000ff580000)
  to   space 9728K, 0% used [0x00000000ff680000,0x00000000ff680000,0x0000000100000000)
 ParOldGen       total 116224K, used 78049K [0x00000000c5400000, 0x00000000cc580000, 0x00000000ec700000)
  object space 116224K, 67% used [0x00000000c5400000,0x00000000ca038728,0x00000000cc580000)
 Metaspace       used 20626K, capacity 20807K, committed 21248K, reserved 1069056K
  class space    used 1890K, capacity 1957K, committed 2048K, reserved 1048576K
GC Heap History (10 events):
Event: 92,894 GC heap before
{Heap before GC invocations=73 (full 2):
 PSYoungGen      total 309760K, used 302432K [0x00000000ec700000, 0x0000000100000000, 0x0000000100000000)
  eden space 300032K, 100% used [0x00000000ec700000,0x00000000fec00000,0x00000000fec00000)
  from space 9728K, 24% used [0x00000000ff680000,0x00000000ff8d8090,0x0000000100000000)
  to   space 10240K, 0% used [0x00000000fec00000,0x00000000fec00000,0x00000000ff600000)
 ParOldGen       total 116224K, used 78049K [0x00000000c5400000, 0x00000000cc580000, 0x00000000ec700000)
  object space 116224K, 67% used [0x00000000c5400000,0x00000000ca038728,0x00000000cc580000)
 Metaspace       used 20620K, capacity 20807K, committed 21248K, reserved 1069056K
  class space    used 1889K, capacity 1957K, committed 2048K, reserved 1048576K
Event: 92,897 GC heap after
Heap after GC invocations=73 (full 2):
 PSYoungGen      total 310272K, used 2432K [0x00000000ec700000, 0x0000000100000000, 0x0000000100000000)
  eden space 300032K, 0% used [0x00000000ec700000,0x00000000ec700000,0x00000000fec00000)
  from space 10240K, 23% used [0x00000000fec00000,0x00000000fee60090,0x00000000ff600000)
  to   space 10240K, 0% used [0x00000000ff600000,0x00000000ff600000,0x0000000100000000)
 ParOldGen       total 116224K, used 78049K [0x00000000c5400000, 0x00000000cc580000, 0x00000000ec700000)
  object space 116224K, 67% used [0x00000000c5400000,0x00000000ca038728,0x00000000cc580000)
 Metaspace       used 20620K, capacity 20807K, committed 21248K, reserved 1069056K
  class space    used 1889K, capacity 1957K, committed 2048K, reserved 1048576K
}
Event: 94,188 GC heap before
{Heap before GC invocations=74 (full 2):
 PSYoungGen      total 310272K, used 302464K [0x00000000ec700000, 0x0000000100000000, 0x0000000100000000)
  eden space 300032K, 100% used [0x00000000ec700000,0x00000000fec00000,0x00000000fec00000)
  from space 10240K, 23% used [0x00000000fec00000,0x00000000fee60090,0x00000000ff600000)
  to   space 10240K, 0% used [0x00000000ff600000,0x00000000ff600000,0x0000000100000000)
 ParOldGen       total 116224K, used 78049K [0x00000000c5400000, 0x00000000cc580000, 0x00000000ec700000)
  object space 116224K, 67% used [0x00000000c5400000,0x00000000ca038728,0x00000000cc580000)
 Metaspace       used 20620K, capacity 20807K, committed 21248K, reserved 1069056K
  class space    used 1889K, capacity 1957K, committed 2048K, reserved 1048576K
Event: 94,191 GC heap after
Heap after GC invocations=74 (full 2):
 PSYoungGen      total 310272K, used 2368K [0x00000000ec700000, 0x0000000100000000, 0x0000000100000000)
  eden space 300032K, 0% used [0x00000000ec700000,0x00000000ec700000,0x00000000fec00000)
  from space 10240K, 23% used [0x00000000ff600000,0x00000000ff850090,0x0000000100000000)
  to   space 10240K, 0% used [0x00000000fec00000,0x00000000fec00000,0x00000000ff600000)
 ParOldGen       total 116224K, used 78049K [0x00000000c5400000, 0x00000000cc580000, 0x00000000ec700000)
  object space 116224K, 67% used [0x00000000c5400000,0x00000000ca038728,0x00000000cc580000)
 Metaspace       used 20620K, capacity 20807K, committed 21248K, reserved 1069056K
  class space    used 1889K, capacity 1957K, committed 2048K, reserved 1048576K
}
Event: 95,452 GC heap before
{Heap before GC invocations=75 (full 2):
 PSYoungGen      total 310272K, used 302400K [0x00000000ec700000, 0x0000000100000000, 0x0000000100000000)
  eden space 300032K, 100% used [0x00000000ec700000,0x00000000fec00000,0x00000000fec00000)
  from space 10240K, 23% used [0x00000000ff600000,0x00000000ff850090,0x0000000100000000)
  to   space 10240K, 0% used [0x00000000fec00000,0x00000000fec00000,0x00000000ff600000)
 ParOldGen       total 116224K, used 78049K [0x00000000c5400000, 0x00000000cc580000, 0x00000000ec700000)
  object space 116224K, 67% used [0x00000000c5400000,0x00000000ca038728,0x00000000cc580000)
 Metaspace       used 20620K, capacity 20807K, committed 21248K, reserved 1069056K
  class space    used 1889K, capacity 1957K, committed 2048K, reserved 1048576K
Event: 95,455 GC heap after
Heap after GC invocations=75 (full 2):
 PSYoungGen      total 310272K, used 2432K [0x00000000ec700000, 0x0000000100000000, 0x0000000100000000)
  eden space 300032K, 0% used [0x00000000ec700000,0x00000000ec700000,0x00000000fec00000)
  from space 10240K, 23% used [0x00000000fec00000,0x00000000fee60090,0x00000000ff600000)
  to   space 10240K, 0% used [0x00000000ff600000,0x00000000ff600000,0x0000000100000000)
 ParOldGen       total 116224K, used 78049K [0x00000000c5400000, 0x00000000cc580000, 0x00000000ec700000)
  object space 116224K, 67% used [0x00000000c5400000,0x00000000ca038728,0x00000000cc580000)
 Metaspace       used 20620K, capacity 20807K, committed 21248K, reserved 1069056K
  class space    used 1889K, capacity 1957K, committed 2048K, reserved 1048576K
}
Event: 96,718 GC heap before
{Heap before GC invocations=76 (full 2):
 PSYoungGen      total 310272K, used 302464K [0x00000000ec700000, 0x0000000100000000, 0x0000000100000000)
  eden space 300032K, 100% used [0x00000000ec700000,0x00000000fec00000,0x00000000fec00000)
  from space 10240K, 23% used [0x00000000fec00000,0x00000000fee60090,0x00000000ff600000)
  to   space 10240K, 0% used [0x00000000ff600000,0x00000000ff600000,0x0000000100000000)
 ParOldGen       total 116224K, used 78049K [0x00000000c5400000, 0x00000000cc580000, 0x00000000ec700000)
  object space 116224K, 67% used [0x00000000c5400000,0x00000000ca038728,0x00000000cc580000)
 Metaspace       used 20620K, capacity 20807K, committed 21248K, reserved 1069056K
  class space    used 1889K, capacity 1957K, committed 2048K, reserved 1048576K
Event: 96,722 GC heap after
Heap after GC invocations=76 (full 2):
 PSYoungGen      total 309248K, used 2432K [0x00000000ec700000, 0x00000000fff00000, 0x0000000100000000)
  eden space 300032K, 0% used [0x00000000ec700000,0x00000000ec700000,0x00000000fec00000)
  from space 9216K, 26% used [0x00000000ff600000,0x00000000ff860090,0x00000000fff00000)
  to   space 9728K, 0% used [0x00000000fec00000,0x00000000fec00000,0x00000000ff580000)
 ParOldGen       total 116224K, used 78049K [0x00000000c5400000, 0x00000000cc580000, 0x00000000ec700000)
  object space 116224K, 67% used [0x00000000c5400000,0x00000000ca038728,0x00000000cc580000)
 Metaspace       used 20620K, capacity 20807K, committed 21248K, reserved 1069056K
  class space    used 1889K, capacity 1957K, committed 2048K, reserved 1048576K
}
Event: 98,000 GC heap before
{Heap before GC invocations=77 (full 2):
 PSYoungGen      total 309248K, used 302464K [0x00000000ec700000, 0x00000000fff00000, 0x0000000100000000)
  eden space 300032K, 100% used [0x00000000ec700000,0x00000000fec00000,0x00000000fec00000)
  from space 9216K, 26% used [0x00000000ff600000,0x00000000ff860090,0x00000000fff00000)
  to   space 9728K, 0% used [0x00000000fec00000,0x00000000fec00000,0x00000000ff580000)
 ParOldGen       total 116224K, used 78049K [0x00000000c5400000, 0x00000000cc580000, 0x00000000ec700000)
  object space 116224K, 67% used [0x00000000c5400000,0x00000000ca038728,0x00000000cc580000)
 Metaspace       used 20620K, capacity 20807K, committed 21248K, reserved 1069056K
  class space    used 1889K, capacity 1957K, committed 2048K, reserved 1048576K
Event: 98,003 GC heap after
Heap after GC invocations=77 (full 2):
 PSYoungGen      total 309760K, used 2432K [0x00000000ec700000, 0x0000000100000000, 0x0000000100000000)
  eden space 300032K, 0% used [0x00000000ec700000,0x00000000ec700000,0x00000000fec00000)
  from space 9728K, 25% used [0x00000000fec00000,0x00000000fee60090,0x00000000ff580000)
  to   space 9728K, 0% used [0x00000000ff680000,0x00000000ff680000,0x0000000100000000)
 ParOldGen       total 116224K, used 78049K [0x00000000c5400000, 0x00000000cc580000, 0x00000000ec700000)
  object space 116224K, 67% used [0x00000000c5400000,0x00000000ca038728,0x00000000cc580000)
 Metaspace       used 20620K, capacity 20807K, committed 21248K, reserved 1069056K
  class space    used 1889K, capacity 1957K, committed 2048K, reserved 1048576K
}

