# JRE version: Java(TM) SE Runtime Environment (8.0_60-b27) (build 1.8.0_60-b27)
# Java VM: Java HotSpot(TM) 64-Bit Server VM (25.60-b23 mixed mode linux-amd64 compressed oops)
Heap:
 PSYoungGen      total 89088K, used 11865K [0x00000000ec700000, 0x00000000f2e80000, 0x0000000100000000)
  eden space 81408K, 11% used [0x00000000ec700000,0x00000000ed01a398,0x00000000f1680000)
  from space 7680K, 33% used [0x00000000f2700000,0x00000000f297c0a0,0x00000000f2e80000)
  to   space 12288K, 0% used [0x00000000f1680000,0x00000000f1680000,0x00000000f2280000)
 ParOldGen       total 49664K, used 16284K [0x00000000c5400000, 0x00000000c8480000, 0x00000000ec700000)
  object space 49664K, 32% used [0x00000000c5400000,0x00000000c63e71e8,0x00000000c8480000)
 Metaspace       used 21605K, capacity 21783K, committed 22064K, reserved 1069056K
  class space    used 2004K, capacity 2087K, committed 2176K, reserved 1048576K
GC Heap History (10 events):
Event: 2,680 GC heap before
{Heap before GC invocations=3 (full 0):
 PSYoungGen      total 33280K, used 33266K [0x00000000ec700000, 0x00000000eea00000, 0x0000000100000000)
  eden space 30720K, 100% used [0x00000000ec700000,0x00000000ee500000,0x00000000ee500000)
  from space 2560K, 99% used [0x00000000ee780000,0x00000000ee9fc840,0x00000000eea00000)
  to   space 2560K, 0% used [0x00000000ee500000,0x00000000ee500000,0x00000000ee780000)
 ParOldGen       total 40960K, used 1945K [0x00000000c5400000, 0x00000000c7c00000, 0x00000000ec700000)
  object space 40960K, 4% used [0x00000000c5400000,0x00000000c55e6730,0x00000000c7c00000)
 Metaspace       used 20195K, capacity 20437K, committed 20864K, reserved 1069056K
  class space    used 1967K, capacity 2050K, committed 2176K, reserved 1048576K
Event: 2,700 GC heap after
Heap after GC invocations=3 (full 0):
 PSYoungGen      total 33280K, used 2546K [0x00000000ec700000, 0x00000000f0800000, 0x0000000100000000)
  eden space 30720K, 0% used [0x00000000ec700000,0x00000000ec700000,0x00000000ee500000)
  from space 2560K, 99% used [0x00000000ee500000,0x00000000ee77c8e0,0x00000000ee780000)
  to   space 2560K, 0% used [0x00000000f0580000,0x00000000f0580000,0x00000000f0800000)
 ParOldGen       total 40960K, used 12912K [0x00000000c5400000, 0x00000000c7c00000, 0x00000000ec700000)
  object space 40960K, 31% used [0x00000000c5400000,0x00000000c609c0b8,0x00000000c7c00000)
 Metaspace       used 20195K, capacity 20437K, committed 20864K, reserved 1069056K
  class space    used 1967K, capacity 2050K, committed 2176K, reserved 1048576K
}
Event: 3,348 GC heap before
{Heap before GC invocations=4 (full 0):
 PSYoungGen      total 33280K, used 24037K [0x00000000ec700000, 0x00000000f0800000, 0x0000000100000000)
  eden space 30720K, 69% used [0x00000000ec700000,0x00000000edbfcc20,0x00000000ee500000)
  from space 2560K, 99% used [0x00000000ee500000,0x00000000ee77c8e0,0x00000000ee780000)
  to   space 2560K, 0% used [0x00000000f0580000,0x00000000f0580000,0x00000000f0800000)
 ParOldGen       total 40960K, used 12912K [0x00000000c5400000, 0x00000000c7c00000, 0x00000000ec700000)
  object space 40960K, 31% used [0x00000000c5400000,0x00000000c609c0b8,0x00000000c7c00000)
 Metaspace       used 20769K, capacity 20993K, committed 21296K, reserved 1069056K
  class space    used 2000K, capacity 2084K, committed 2176K, reserved 1048576K
Event: 3,370 GC heap after
Heap after GC invocations=4 (full 0):
 PSYoungGen      total 64000K, used 2546K [0x00000000ec700000, 0x00000000f0800000, 0x0000000100000000)
  eden space 61440K, 0% used [0x00000000ec700000,0x00000000ec700000,0x00000000f0300000)
  from space 2560K, 99% used [0x00000000f0580000,0x00000000f07fc8f0,0x00000000f0800000)
  to   space 2560K, 0% used [0x00000000f0300000,0x00000000f0300000,0x00000000f0580000)
 ParOldGen       total 40960K, used 16101K [0x00000000c5400000, 0x00000000c7c00000, 0x00000000ec700000)
  object space 40960K, 39% used [0x00000000c5400000,0x00000000c63b9748,0x00000000c7c00000)
 Metaspace       used 20769K, capacity 20993K, committed 21296K, reserved 1069056K
  class space    used 2000K, capacity 2084K, committed 2176K, reserved 1048576K
}
Event: 3,370 GC heap before
{Heap before GC invocations=5 (full 1):
 PSYoungGen      total 64000K, used 2546K [0x00000000ec700000, 0x00000000f0800000, 0x0000000100000000)
  eden space 61440K, 0% used [0x00000000ec700000,0x00000000ec700000,0x00000000f0300000)
  from space 2560K, 99% used [0x00000000f0580000,0x00000000f07fc8f0,0x00000000f0800000)
  to   space 2560K, 0% used [0x00000000f0300000,0x00000000f0300000,0x00000000f0580000)
 ParOldGen       total 40960K, used 16101K [0x00000000c5400000, 0x00000000c7c00000, 0x00000000ec700000)
  object space 40960K, 39% used [0x00000000c5400000,0x00000000c63b9748,0x00000000c7c00000)
 Metaspace       used 20769K, capacity 20993K, committed 21296K, reserved 1069056K
  class space    used 2000K, capacity 2084K, committed 2176K, reserved 1048576K
Event: 3,453 GC heap after
Heap after GC invocations=5 (full 1):
 PSYoungGen      total 64000K, used 0K [0x00000000ec700000, 0x00000000f0800000, 0x0000000100000000)
  eden space 61440K, 0% used [0x00000000ec700000,0x00000000ec700000,0x00000000f0300000)
  from space 2560K, 0% used [0x00000000f0580000,0x00000000f0580000,0x00000000f0800000)
  to   space 2560K, 0% used [0x00000000f0300000,0x00000000f0300000,0x00000000f0580000)
 ParOldGen       total 49664K, used 15500K [0x00000000c5400000, 0x00000000c8480000, 0x00000000ec700000)
  object space 49664K, 31% used [0x00000000c5400000,0x00000000c63231b8,0x00000000c8480000)
 Metaspace       used 20769K, capacity 20993K, committed 21296K, reserved 1069056K
  class space    used 2000K, capacity 2084K, committed 2176K, reserved 1048576K
}
Event: 8,291 GC heap before
{Heap before GC invocations=6 (full 1):
 PSYoungGen      total 64000K, used 61440K [0x00000000ec700000, 0x00000000f0800000, 0x0000000100000000)
  eden space 61440K, 100% used [0x00000000ec700000,0x00000000f0300000,0x00000000f0300000)
  from space 2560K, 0% used [0x00000000f0580000,0x00000000f0580000,0x00000000f0800000)
  to   space 2560K, 0% used [0x00000000f0300000,0x00000000f0300000,0x00000000f0580000)
 ParOldGen       total 49664K, used 15500K [0x00000000c5400000, 0x00000000c8480000, 0x00000000ec700000)
  object space 49664K, 31% used [0x00000000c5400000,0x00000000c63231b8,0x00000000c8480000)
 Metaspace       used 21469K, capacity 21655K, committed 22064K, reserved 1069056K
  class space    used 2003K, capacity 2087K, committed 2176K, reserved 1048576K
Event: 8,295 GC heap after
Heap after GC invocations=6 (full 1):
 PSYoungGen      total 64000K, used 2544K [0x00000000ec700000, 0x00000000f3380000, 0x0000000100000000)
  eden space 61440K, 0% used [0x00000000ec700000,0x00000000ec700000,0x00000000f0300000)
  from space 2560K, 99% used [0x00000000f0300000,0x00000000f057c0a0,0x00000000f0580000)
  to   space 12800K, 0% used [0x00000000f2700000,0x00000000f2700000,0x00000000f3380000)
 ParOldGen       total 49664K, used 16276K [0x00000000c5400000, 0x00000000c8480000, 0x00000000ec700000)
  object space 49664K, 32% used [0x00000000c5400000,0x00000000c63e51e8,0x00000000c8480000)
 Metaspace       used 21469K, capacity 21655K, committed 22064K, reserved 1069056K
  class space    used 2003K, capacity 2087K, committed 2176K, reserved 1048576K
}
Event: 14,406 GC heap before
{Heap before GC invocations=7 (full 1):
 PSYoungGen      total 64000K, used 63984K [0x00000000ec700000, 0x00000000f3380000, 0x0000000100000000)
  eden space 61440K, 100% used [0x00000000ec700000,0x00000000f0300000,0x00000000f0300000)
  from space 2560K, 99% used [0x00000000f0300000,0x00000000f057c0a0,0x00000000f0580000)
  to   space 12800K, 0% used [0x00000000f2700000,0x00000000f2700000,0x00000000f3380000)
 ParOldGen       total 49664K, used 16276K [0x00000000c5400000, 0x00000000c8480000, 0x00000000ec700000)
  object space 49664K, 32% used [0x00000000c5400000,0x00000000c63e51e8,0x00000000c8480000)
 Metaspace       used 21598K, capacity 21783K, committed 22064K, reserved 1069056K
  class space    used 2003K, capacity 2087K, committed 2176K, reserved 1048576K
Event: 14,412 GC heap after
Heap after GC invocations=7 (full 1):
 PSYoungGen      total 89088K, used 2544K [0x00000000ec700000, 0x00000000f2e80000, 0x0000000100000000)
  eden space 81408K, 0% used [0x00000000ec700000,0x00000000ec700000,0x00000000f1680000)
  from space 7680K, 33% used [0x00000000f2700000,0x00000000f297c0a0,0x00000000f2e80000)
  to   space 12288K, 0% used [0x00000000f1680000,0x00000000f1680000,0x00000000f2280000)
 ParOldGen       total 49664K, used 16284K [0x00000000c5400000, 0x00000000c8480000, 0x00000000ec700000)
  object space 49664K, 32% used [0x00000000c5400000,0x00000000c63e71e8,0x00000000c8480000)
 Metaspace       used 21598K, capacity 21783K, committed 22064K, reserved 1069056K
  class space    used 2003K, capacity 2087K, committed 2176K, reserved 1048576K
}

