# JRE version: Java(TM) SE Runtime Environment (8.0_60-b27) (build 1.8.0_60-b27)
# Java VM: Java HotSpot(TM) 64-Bit Server VM (25.60-b23 mixed mode linux-amd64 compressed oops)
Heap:
 PSYoungGen      total 47104K, used 42244K [0x00000000ec700000, 0x00000000f1180000, 0x0000000100000000)
  eden space 43520K, 89% used [0x00000000ec700000,0x00000000eed11000,0x00000000ef180000)
  from space 3584K, 91% used [0x00000000f0e00000,0x00000000f11300c0,0x00000000f1180000)
  to   space 11264K, 0% used [0x00000000efb80000,0x00000000efb80000,0x00000000f0680000)
 ParOldGen       total 47616K, used 14939K [0x00000000c5400000, 0x00000000c8280000, 0x00000000ec700000)
  object space 47616K, 31% used [0x00000000c5400000,0x00000000c6296c10,0x00000000c8280000)
 Metaspace       used 21497K, capacity 21735K, committed 22064K, reserved 1069056K
  class space    used 2004K, capacity 2087K, committed 2176K, reserved 1048576K
GC Heap History (10 events):
Event: 1,643 GC heap before
{Heap before GC invocations=3 (full 0):
 PSYoungGen      total 17920K, used 17888K [0x00000000ec700000, 0x00000000eea00000, 0x0000000100000000)
  eden space 15360K, 100% used [0x00000000ec700000,0x00000000ed600000,0x00000000ed600000)
  from space 2560K, 98% used [0x00000000ed880000,0x00000000edaf8040,0x00000000edb00000)
  to   space 2560K, 0% used [0x00000000ed600000,0x00000000ed600000,0x00000000ed880000)
 ParOldGen       total 40960K, used 2034K [0x00000000c5400000, 0x00000000c7c00000, 0x00000000ec700000)
  object space 40960K, 4% used [0x00000000c5400000,0x00000000c55fc838,0x00000000c7c00000)
 Metaspace       used 17951K, capacity 18163K, committed 18560K, reserved 1067008K
  class space    used 1746K, capacity 1823K, committed 1920K, reserved 1048576K
Event: 1,660 GC heap after
Heap after GC invocations=3 (full 0):
 PSYoungGen      total 17920K, used 2546K [0x00000000ec700000, 0x00000000eea00000, 0x0000000100000000)
  eden space 15360K, 0% used [0x00000000ec700000,0x00000000ec700000,0x00000000ed600000)
  from space 2560K, 99% used [0x00000000ed600000,0x00000000ed87c880,0x00000000ed880000)
  to   space 2560K, 0% used [0x00000000ee780000,0x00000000ee780000,0x00000000eea00000)
 ParOldGen       total 40960K, used 6713K [0x00000000c5400000, 0x00000000c7c00000, 0x00000000ec700000)
  object space 40960K, 16% used [0x00000000c5400000,0x00000000c5a8e580,0x00000000c7c00000)
 Metaspace       used 17951K, capacity 18163K, committed 18560K, reserved 1067008K
  class space    used 1746K, capacity 1823K, committed 1920K, reserved 1048576K
}
Event: 2,528 GC heap before
{Heap before GC invocations=4 (full 0):
 PSYoungGen      total 17920K, used 17906K [0x00000000ec700000, 0x00000000eea00000, 0x0000000100000000)
  eden space 15360K, 100% used [0x00000000ec700000,0x00000000ed600000,0x00000000ed600000)
  from space 2560K, 99% used [0x00000000ed600000,0x00000000ed87c880,0x00000000ed880000)
  to   space 2560K, 0% used [0x00000000ee780000,0x00000000ee780000,0x00000000eea00000)
 ParOldGen       total 40960K, used 6713K [0x00000000c5400000, 0x00000000c7c00000, 0x00000000ec700000)
  object space 40960K, 16% used [0x00000000c5400000,0x00000000c5a8e580,0x00000000c7c00000)
 Metaspace       used 20241K, capacity 20453K, committed 20864K, reserved 1069056K
  class space    used 1967K, capacity 2050K, committed 2176K, reserved 1048576K
Event: 2,544 GC heap after
Heap after GC invocations=4 (full 0):
 PSYoungGen      total 33280K, used 2546K [0x00000000ec700000, 0x00000000eea00000, 0x0000000100000000)
  eden space 30720K, 0% used [0x00000000ec700000,0x00000000ec700000,0x00000000ee500000)
  from space 2560K, 99% used [0x00000000ee780000,0x00000000ee9fc850,0x00000000eea00000)
  to   space 2560K, 0% used [0x00000000ee500000,0x00000000ee500000,0x00000000ee780000)
 ParOldGen       total 40960K, used 14923K [0x00000000c5400000, 0x00000000c7c00000, 0x00000000ec700000)
  object space 40960K, 36% used [0x00000000c5400000,0x00000000c6292c40,0x00000000c7c00000)
 Metaspace       used 20241K, capacity 20453K, committed 20864K, reserved 1069056K
  class space    used 1967K, capacity 2050K, committed 2176K, reserved 1048576K
}
Event: 3,040 GC heap before
{Heap before GC invocations=5 (full 0):
 PSYoungGen      total 33280K, used 22175K [0x00000000ec700000, 0x00000000eea00000, 0x0000000100000000)
  eden space 30720K, 63% used [0x00000000ec700000,0x00000000eda2b3b0,0x00000000ee500000)
  from space 2560K, 99% used [0x00000000ee780000,0x00000000ee9fc850,0x00000000eea00000)
  to   space 2560K, 0% used [0x00000000ee500000,0x00000000ee500000,0x00000000ee780000)
 ParOldGen       total 40960K, used 14923K [0x00000000c5400000, 0x00000000c7c00000, 0x00000000ec700000)
  object space 40960K, 36% used [0x00000000c5400000,0x00000000c6292c40,0x00000000c7c00000)
 Metaspace       used 20787K, capacity 21009K, committed 21296K, reserved 1069056K
  class space    used 2001K, capacity 2084K, committed 2176K, reserved 1048576K
Event: 3,057 GC heap after
Heap after GC invocations=5 (full 0):
 PSYoungGen      total 33280K, used 2546K [0x00000000ec700000, 0x00000000f1900000, 0x0000000100000000)
  eden space 30720K, 0% used [0x00000000ec700000,0x00000000ec700000,0x00000000ee500000)
  from space 2560K, 99% used [0x00000000ee500000,0x00000000ee77c870,0x00000000ee780000)
  to   space 11264K, 0% used [0x00000000f0e00000,0x00000000f0e00000,0x00000000f1900000)
 ParOldGen       total 40960K, used 17636K [0x00000000c5400000, 0x00000000c7c00000, 0x00000000ec700000)
  object space 40960K, 43% used [0x00000000c5400000,0x00000000c6539308,0x00000000c7c00000)
 Metaspace       used 20787K, capacity 21009K, committed 21296K, reserved 1069056K
  class space    used 2001K, capacity 2084K, committed 2176K, reserved 1048576K
}
Event: 3,057 GC heap before
{Heap before GC invocations=6 (full 1):
 PSYoungGen      total 33280K, used 2546K [0x00000000ec700000, 0x00000000f1900000, 0x0000000100000000)
  eden space 30720K, 0% used [0x00000000ec700000,0x00000000ec700000,0x00000000ee500000)
  from space 2560K, 99% used [0x00000000ee500000,0x00000000ee77c870,0x00000000ee780000)
  to   space 11264K, 0% used [0x00000000f0e00000,0x00000000f0e00000,0x00000000f1900000)
 ParOldGen       total 40960K, used 17636K [0x00000000c5400000, 0x00000000c7c00000, 0x00000000ec700000)
  object space 40960K, 43% used [0x00000000c5400000,0x00000000c6539308,0x00000000c7c00000)
 Metaspace       used 20787K, capacity 21009K, committed 21296K, reserved 1069056K
  class space    used 2001K, capacity 2084K, committed 2176K, reserved 1048576K
Event: 3,141 GC heap after
Heap after GC invocations=6 (full 1):
 PSYoungGen      total 33280K, used 0K [0x00000000ec700000, 0x00000000f1900000, 0x0000000100000000)
  eden space 30720K, 0% used [0x00000000ec700000,0x00000000ec700000,0x00000000ee500000)
  from space 2560K, 0% used [0x00000000ee500000,0x00000000ee500000,0x00000000ee780000)
  to   space 11264K, 0% used [0x00000000f0e00000,0x00000000f0e00000,0x00000000f1900000)
 ParOldGen       total 47616K, used 14931K [0x00000000c5400000, 0x00000000c8280000, 0x00000000ec700000)
  object space 47616K, 31% used [0x00000000c5400000,0x00000000c6294c10,0x00000000c8280000)
 Metaspace       used 20787K, capacity 21009K, committed 21296K, reserved 1069056K
  class space    used 2001K, capacity 2084K, committed 2176K, reserved 1048576K
}
Event: 4,894 GC heap before
{Heap before GC invocations=7 (full 1):
 PSYoungGen      total 33280K, used 30720K [0x00000000ec700000, 0x00000000f1900000, 0x0000000100000000)
  eden space 30720K, 100% used [0x00000000ec700000,0x00000000ee500000,0x00000000ee500000)
  from space 2560K, 0% used [0x00000000ee500000,0x00000000ee500000,0x00000000ee780000)
  to   space 11264K, 0% used [0x00000000f0e00000,0x00000000f0e00000,0x00000000f1900000)
 ParOldGen       total 47616K, used 14931K [0x00000000c5400000, 0x00000000c8280000, 0x00000000ec700000)
  object space 47616K, 31% used [0x00000000c5400000,0x00000000c6294c10,0x00000000c8280000)
 Metaspace       used 21164K, capacity 21351K, committed 21808K, reserved 1069056K
  class space    used 2003K, capacity 2087K, committed 2176K, reserved 1048576K
Event: 4,901 GC heap after
Heap after GC invocations=7 (full 1):
 PSYoungGen      total 47104K, used 3264K [0x00000000ec700000, 0x00000000f1180000, 0x0000000100000000)
  eden space 43520K, 0% used [0x00000000ec700000,0x00000000ec700000,0x00000000ef180000)
  from space 3584K, 91% used [0x00000000f0e00000,0x00000000f11300c0,0x00000000f1180000)
  to   space 11264K, 0% used [0x00000000efb80000,0x00000000efb80000,0x00000000f0680000)
 ParOldGen       total 47616K, used 14939K [0x00000000c5400000, 0x00000000c8280000, 0x00000000ec700000)
  object space 47616K, 31% used [0x00000000c5400000,0x00000000c6296c10,0x00000000c8280000)
 Metaspace       used 21164K, capacity 21351K, committed 21808K, reserved 1069056K
  class space    used 2003K, capacity 2087K, committed 2176K, reserved 1048576K
}

