# JRE version: Java(TM) SE Runtime Environment (8.0_60-b27) (build 1.8.0_60-b27)
# Java VM: Java HotSpot(TM) 64-Bit Server VM (25.60-b23 mixed mode linux-amd64 compressed oops)
Heap:
 PSYoungGen      total 242688K, used 159917K [0x00000000ec700000, 0x0000000100000000, 0x0000000100000000)
  eden space 164864K, 96% used [0x00000000ec700000,0x00000000f6313658,0x00000000f6800000)
  from space 77824K, 0% used [0x00000000fb300000,0x00000000fb318000,0x00000000fff00000)
  to   space 76800K, 0% used [0x00000000f6800000,0x00000000f6800000,0x00000000fb300000)
 ParOldGen       total 133632K, used 88098K [0x00000000c5400000, 0x00000000cd680000, 0x00000000ec700000)
  object space 133632K, 65% used [0x00000000c5400000,0x00000000caa08bf0,0x00000000cd680000)
 Metaspace       used 22304K, capacity 22535K, committed 22912K, reserved 1071104K
  class space    used 2033K, capacity 2119K, committed 2176K, reserved 1048576K
GC Heap History (10 events):
Event: 118,170 GC heap before
{Heap before GC invocations=36 (full 2):
 PSYoungGen      total 243200K, used 45138K [0x00000000ec700000, 0x0000000100000000, 0x0000000100000000)
  eden space 166912K, 0% used [0x00000000ec700000,0x00000000ec700000,0x00000000f6a00000)
  from space 76288K, 59% used [0x00000000fb580000,0x00000000fe194b00,0x0000000100000000)
  to   space 76800K, 0% used [0x00000000f6a00000,0x00000000f6a00000,0x00000000fb500000)
 ParOldGen       total 90624K, used 82587K [0x00000000c5400000, 0x00000000cac80000, 0x00000000ec700000)
  object space 90624K, 91% used [0x00000000c5400000,0x00000000ca4a6e58,0x00000000cac80000)
 Metaspace       used 22295K, capacity 22535K, committed 22912K, reserved 1071104K
  class space    used 2032K, capacity 2119K, committed 2176K, reserved 1048576K
Event: 118,266 GC heap after
Heap after GC invocations=36 (full 2):
 PSYoungGen      total 243200K, used 0K [0x00000000ec700000, 0x0000000100000000, 0x0000000100000000)
  eden space 166912K, 0% used [0x00000000ec700000,0x00000000ec700000,0x00000000f6a00000)
  from space 76288K, 0% used [0x00000000fb580000,0x00000000fb580000,0x0000000100000000)
  to   space 76800K, 0% used [0x00000000f6a00000,0x00000000f6a00000,0x00000000fb500000)
 ParOldGen       total 133632K, used 88098K [0x00000000c5400000, 0x00000000cd680000, 0x00000000ec700000)
  object space 133632K, 65% used [0x00000000c5400000,0x00000000caa08bf0,0x00000000cd680000)
 Metaspace       used 22295K, capacity 22535K, committed 22912K, reserved 1071104K
  class space    used 2032K, capacity 2119K, committed 2176K, reserved 1048576K
}
Event: 123,584 GC heap before
{Heap before GC invocations=37 (full 2):
 PSYoungGen      total 243200K, used 166912K [0x00000000ec700000, 0x0000000100000000, 0x0000000100000000)
  eden space 166912K, 100% used [0x00000000ec700000,0x00000000f6a00000,0x00000000f6a00000)
  from space 76288K, 0% used [0x00000000fb580000,0x00000000fb580000,0x0000000100000000)
  to   space 76800K, 0% used [0x00000000f6a00000,0x00000000f6a00000,0x00000000fb500000)
 ParOldGen       total 133632K, used 88098K [0x00000000c5400000, 0x00000000cd680000, 0x00000000ec700000)
  object space 133632K, 65% used [0x00000000c5400000,0x00000000caa08bf0,0x00000000cd680000)
 Metaspace       used 22295K, capacity 22535K, committed 22912K, reserved 1071104K
  class space    used 2032K, capacity 2119K, committed 2176K, reserved 1048576K
Event: 123,586 GC heap after
Heap after GC invocations=37 (full 2):
 PSYoungGen      total 167424K, used 96K [0x00000000ec700000, 0x0000000100000000, 0x0000000100000000)
  eden space 166912K, 0% used [0x00000000ec700000,0x00000000ec700000,0x00000000f6a00000)
  from space 512K, 18% used [0x00000000f6a00000,0x00000000f6a18000,0x00000000f6a80000)
  to   space 78336K, 0% used [0x00000000fb380000,0x00000000fb380000,0x0000000100000000)
 ParOldGen       total 133632K, used 88098K [0x00000000c5400000, 0x00000000cd680000, 0x00000000ec700000)
  object space 133632K, 65% used [0x00000000c5400000,0x00000000caa08bf0,0x00000000cd680000)
 Metaspace       used 22295K, capacity 22535K, committed 22912K, reserved 1071104K
  class space    used 2032K, capacity 2119K, committed 2176K, reserved 1048576K
}
Event: 129,073 GC heap before
{Heap before GC invocations=38 (full 2):
 PSYoungGen      total 167424K, used 167008K [0x00000000ec700000, 0x0000000100000000, 0x0000000100000000)
  eden space 166912K, 100% used [0x00000000ec700000,0x00000000f6a00000,0x00000000f6a00000)
  from space 512K, 18% used [0x00000000f6a00000,0x00000000f6a18000,0x00000000f6a80000)
  to   space 78336K, 0% used [0x00000000fb380000,0x00000000fb380000,0x0000000100000000)
 ParOldGen       total 133632K, used 88098K [0x00000000c5400000, 0x00000000cd680000, 0x00000000ec700000)
  object space 133632K, 65% used [0x00000000c5400000,0x00000000caa08bf0,0x00000000cd680000)
 Metaspace       used 22296K, capacity 22535K, committed 22912K, reserved 1071104K
  class space    used 2032K, capacity 2119K, committed 2176K, reserved 1048576K
Event: 129,075 GC heap after
Heap after GC invocations=38 (full 2):
 PSYoungGen      total 242176K, used 96K [0x00000000ec700000, 0x0000000100000000, 0x0000000100000000)
  eden space 163840K, 0% used [0x00000000ec700000,0x00000000ec700000,0x00000000f6700000)
  from space 78336K, 0% used [0x00000000fb380000,0x00000000fb398000,0x0000000100000000)
  to   space 78336K, 0% used [0x00000000f6700000,0x00000000f6700000,0x00000000fb380000)
 ParOldGen       total 133632K, used 88098K [0x00000000c5400000, 0x00000000cd680000, 0x00000000ec700000)
  object space 133632K, 65% used [0x00000000c5400000,0x00000000caa08bf0,0x00000000cd680000)
 Metaspace       used 22296K, capacity 22535K, committed 22912K, reserved 1071104K
  class space    used 2032K, capacity 2119K, committed 2176K, reserved 1048576K
}
Event: 133,880 GC heap before
{Heap before GC invocations=39 (full 2):
 PSYoungGen      total 242176K, used 163936K [0x00000000ec700000, 0x0000000100000000, 0x0000000100000000)
  eden space 163840K, 100% used [0x00000000ec700000,0x00000000f6700000,0x00000000f6700000)
  from space 78336K, 0% used [0x00000000fb380000,0x00000000fb398000,0x0000000100000000)
  to   space 78336K, 0% used [0x00000000f6700000,0x00000000f6700000,0x00000000fb380000)
 ParOldGen       total 133632K, used 88098K [0x00000000c5400000, 0x00000000cd680000, 0x00000000ec700000)
  object space 133632K, 65% used [0x00000000c5400000,0x00000000caa08bf0,0x00000000cd680000)
 Metaspace       used 22298K, capacity 22535K, committed 22912K, reserved 1071104K
  class space    used 2032K, capacity 2119K, committed 2176K, reserved 1048576K
Event: 133,882 GC heap after
Heap after GC invocations=39 (full 2):
 PSYoungGen      total 164352K, used 96K [0x00000000ec700000, 0x00000000fff00000, 0x0000000100000000)
  eden space 163840K, 0% used [0x00000000ec700000,0x00000000ec700000,0x00000000f6700000)
  from space 512K, 18% used [0x00000000f6700000,0x00000000f6718000,0x00000000f6780000)
  to   space 77824K, 0% used [0x00000000fb300000,0x00000000fb300000,0x00000000fff00000)
 ParOldGen       total 133632K, used 88098K [0x00000000c5400000, 0x00000000cd680000, 0x00000000ec700000)
  object space 133632K, 65% used [0x00000000c5400000,0x00000000caa08bf0,0x00000000cd680000)
 Metaspace       used 22298K, capacity 22535K, committed 22912K, reserved 1071104K
  class space    used 2032K, capacity 2119K, committed 2176K, reserved 1048576K
}
Event: 138,317 GC heap before
{Heap before GC invocations=40 (full 2):
 PSYoungGen      total 164352K, used 163936K [0x00000000ec700000, 0x00000000fff00000, 0x0000000100000000)
  eden space 163840K, 100% used [0x00000000ec700000,0x00000000f6700000,0x00000000f6700000)
  from space 512K, 18% used [0x00000000f6700000,0x00000000f6718000,0x00000000f6780000)
  to   space 77824K, 0% used [0x00000000fb300000,0x00000000fb300000,0x00000000fff00000)
 ParOldGen       total 133632K, used 88098K [0x00000000c5400000, 0x00000000cd680000, 0x00000000ec700000)
  object space 133632K, 65% used [0x00000000c5400000,0x00000000caa08bf0,0x00000000cd680000)
 Metaspace       used 22298K, capacity 22535K, committed 22912K, reserved 1071104K
  class space    used 2032K, capacity 2119K, committed 2176K, reserved 1048576K
Event: 138,319 GC heap after
Heap after GC invocations=40 (full 2):
 PSYoungGen      total 242688K, used 96K [0x00000000ec700000, 0x0000000100000000, 0x0000000100000000)
  eden space 164864K, 0% used [0x00000000ec700000,0x00000000ec700000,0x00000000f6800000)
  from space 77824K, 0% used [0x00000000fb300000,0x00000000fb318000,0x00000000fff00000)
  to   space 76800K, 0% used [0x00000000f6800000,0x00000000f6800000,0x00000000fb300000)
 ParOldGen       total 133632K, used 88098K [0x00000000c5400000, 0x00000000cd680000, 0x00000000ec700000)
  object space 133632K, 65% used [0x00000000c5400000,0x00000000caa08bf0,0x00000000cd680000)
 Metaspace       used 22298K, capacity 22535K, committed 22912K, reserved 1071104K
  class space    used 2032K, capacity 2119K, committed 2176K, reserved 1048576K
}

