# JRE version: Java(TM) SE Runtime Environment (8.0_60-b27) (build 1.8.0_60-b27)
# Java VM: Java HotSpot(TM) 64-Bit Server VM (25.60-b23 mixed mode linux-amd64 compressed oops)
Heap:
 PSYoungGen      total 97792K, used 49784K [0x00000000ec700000, 0x00000000f3600000, 0x0000000100000000)
  eden space 84992K, 46% used [0x00000000ec700000,0x00000000eedf1f90,0x00000000f1a00000)
  from space 12800K, 77% used [0x00000000f2980000,0x00000000f332c280,0x00000000f3600000)
  to   space 14336K, 0% used [0x00000000f1a00000,0x00000000f1a00000,0x00000000f2800000)
 ParOldGen       total 50688K, used 16770K [0x00000000c5400000, 0x00000000c8580000, 0x00000000ec700000)
  object space 50688K, 33% used [0x00000000c5400000,0x00000000c6460950,0x00000000c8580000)
 Metaspace       used 21669K, capacity 21927K, committed 22320K, reserved 1069056K
  class space    used 2006K, capacity 2087K, committed 2176K, reserved 1048576K
GC Heap History (10 events):
Event: 2,327 GC heap before
{Heap before GC invocations=3 (full 0):
 PSYoungGen      total 33280K, used 33005K [0x00000000ec700000, 0x00000000eea00000, 0x0000000100000000)
  eden space 30720K, 99% used [0x00000000ec700000,0x00000000ee4c2bf8,0x00000000ee500000)
  from space 2560K, 98% used [0x00000000ee780000,0x00000000ee9f8850,0x00000000eea00000)
  to   space 2560K, 0% used [0x00000000ee500000,0x00000000ee500000,0x00000000ee780000)
 ParOldGen       total 40960K, used 1861K [0x00000000c5400000, 0x00000000c7c00000, 0x00000000ec700000)
  object space 40960K, 4% used [0x00000000c5400000,0x00000000c55d1700,0x00000000c7c00000)
 Metaspace       used 20143K, capacity 20325K, committed 20608K, reserved 1067008K
  class space    used 1965K, capacity 2050K, committed 2176K, reserved 1048576K
Event: 2,349 GC heap after
Heap after GC invocations=3 (full 0):
 PSYoungGen      total 33280K, used 2544K [0x00000000ec700000, 0x00000000f0800000, 0x0000000100000000)
  eden space 30720K, 0% used [0x00000000ec700000,0x00000000ec700000,0x00000000ee500000)
  from space 2560K, 99% used [0x00000000ee500000,0x00000000ee77c050,0x00000000ee780000)
  to   space 2560K, 0% used [0x00000000f0580000,0x00000000f0580000,0x00000000f0800000)
 ParOldGen       total 40960K, used 12336K [0x00000000c5400000, 0x00000000c7c00000, 0x00000000ec700000)
  object space 40960K, 30% used [0x00000000c5400000,0x00000000c600c1b8,0x00000000c7c00000)
 Metaspace       used 20143K, capacity 20325K, committed 20608K, reserved 1067008K
  class space    used 1965K, capacity 2050K, committed 2176K, reserved 1048576K
}
Event: 3,043 GC heap before
{Heap before GC invocations=4 (full 0):
 PSYoungGen      total 33280K, used 28095K [0x00000000ec700000, 0x00000000f0800000, 0x0000000100000000)
  eden space 30720K, 83% used [0x00000000ec700000,0x00000000edff3e00,0x00000000ee500000)
  from space 2560K, 99% used [0x00000000ee500000,0x00000000ee77c050,0x00000000ee780000)
  to   space 2560K, 0% used [0x00000000f0580000,0x00000000f0580000,0x00000000f0800000)
 ParOldGen       total 40960K, used 12336K [0x00000000c5400000, 0x00000000c7c00000, 0x00000000ec700000)
  object space 40960K, 30% used [0x00000000c5400000,0x00000000c600c1b8,0x00000000c7c00000)
 Metaspace       used 20829K, capacity 21025K, committed 21296K, reserved 1069056K
  class space    used 2002K, capacity 2086K, committed 2176K, reserved 1048576K
Event: 3,066 GC heap after
Heap after GC invocations=4 (full 0):
 PSYoungGen      total 64000K, used 2544K [0x00000000ec700000, 0x00000000f0800000, 0x0000000100000000)
  eden space 61440K, 0% used [0x00000000ec700000,0x00000000ec700000,0x00000000f0300000)
  from space 2560K, 99% used [0x00000000f0580000,0x00000000f07fc070,0x00000000f0800000)
  to   space 2560K, 0% used [0x00000000f0300000,0x00000000f0300000,0x00000000f0580000)
 ParOldGen       total 40960K, used 17540K [0x00000000c5400000, 0x00000000c7c00000, 0x00000000ec700000)
  object space 40960K, 42% used [0x00000000c5400000,0x00000000c65213f8,0x00000000c7c00000)
 Metaspace       used 20829K, capacity 21025K, committed 21296K, reserved 1069056K
  class space    used 2002K, capacity 2086K, committed 2176K, reserved 1048576K
}
Event: 3,066 GC heap before
{Heap before GC invocations=5 (full 1):
 PSYoungGen      total 64000K, used 2544K [0x00000000ec700000, 0x00000000f0800000, 0x0000000100000000)
  eden space 61440K, 0% used [0x00000000ec700000,0x00000000ec700000,0x00000000f0300000)
  from space 2560K, 99% used [0x00000000f0580000,0x00000000f07fc070,0x00000000f0800000)
  to   space 2560K, 0% used [0x00000000f0300000,0x00000000f0300000,0x00000000f0580000)
 ParOldGen       total 40960K, used 17540K [0x00000000c5400000, 0x00000000c7c00000, 0x00000000ec700000)
  object space 40960K, 42% used [0x00000000c5400000,0x00000000c65213f8,0x00000000c7c00000)
 Metaspace       used 20829K, capacity 21025K, committed 21296K, reserved 1069056K
  class space    used 2002K, capacity 2086K, committed 2176K, reserved 1048576K
Event: 3,132 GC heap after
Heap after GC invocations=5 (full 1):
 PSYoungGen      total 64000K, used 0K [0x00000000ec700000, 0x00000000f0800000, 0x0000000100000000)
  eden space 61440K, 0% used [0x00000000ec700000,0x00000000ec700000,0x00000000f0300000)
  from space 2560K, 0% used [0x00000000f0580000,0x00000000f0580000,0x00000000f0800000)
  to   space 2560K, 0% used [0x00000000f0300000,0x00000000f0300000,0x00000000f0580000)
 ParOldGen       total 50688K, used 16754K [0x00000000c5400000, 0x00000000c8580000, 0x00000000ec700000)
  object space 50688K, 33% used [0x00000000c5400000,0x00000000c645c950,0x00000000c8580000)
 Metaspace       used 20829K, capacity 21025K, committed 21296K, reserved 1069056K
  class space    used 2002K, capacity 2086K, committed 2176K, reserved 1048576K
}
Event: 8,729 GC heap before
{Heap before GC invocations=6 (full 1):
 PSYoungGen      total 64000K, used 61440K [0x00000000ec700000, 0x00000000f0800000, 0x0000000100000000)
  eden space 61440K, 100% used [0x00000000ec700000,0x00000000f0300000,0x00000000f0300000)
  from space 2560K, 0% used [0x00000000f0580000,0x00000000f0580000,0x00000000f0800000)
  to   space 2560K, 0% used [0x00000000f0300000,0x00000000f0300000,0x00000000f0580000)
 ParOldGen       total 50688K, used 16754K [0x00000000c5400000, 0x00000000c8580000, 0x00000000ec700000)
  object space 50688K, 33% used [0x00000000c5400000,0x00000000c645c950,0x00000000c8580000)
 Metaspace       used 21481K, capacity 21735K, committed 22064K, reserved 1069056K
  class space    used 2004K, capacity 2087K, committed 2176K, reserved 1048576K
Event: 8,735 GC heap after
Heap after GC invocations=6 (full 1):
 PSYoungGen      total 64000K, used 2016K [0x00000000ec700000, 0x00000000f3680000, 0x0000000100000000)
  eden space 61440K, 0% used [0x00000000ec700000,0x00000000ec700000,0x00000000f0300000)
  from space 2560K, 78% used [0x00000000f0300000,0x00000000f04f8070,0x00000000f0580000)
  to   space 13312K, 0% used [0x00000000f2980000,0x00000000f2980000,0x00000000f3680000)
 ParOldGen       total 50688K, used 16762K [0x00000000c5400000, 0x00000000c8580000, 0x00000000ec700000)
  object space 50688K, 33% used [0x00000000c5400000,0x00000000c645e950,0x00000000c8580000)
 Metaspace       used 21481K, capacity 21735K, committed 22064K, reserved 1069056K
  class space    used 2004K, capacity 2087K, committed 2176K, reserved 1048576K
}
Event: 11,730 GC heap before
{Heap before GC invocations=7 (full 1):
 PSYoungGen      total 64000K, used 63456K [0x00000000ec700000, 0x00000000f3680000, 0x0000000100000000)
  eden space 61440K, 100% used [0x00000000ec700000,0x00000000f0300000,0x00000000f0300000)
  from space 2560K, 78% used [0x00000000f0300000,0x00000000f04f8070,0x00000000f0580000)
  to   space 13312K, 0% used [0x00000000f2980000,0x00000000f2980000,0x00000000f3680000)
 ParOldGen       total 50688K, used 16762K [0x00000000c5400000, 0x00000000c8580000, 0x00000000ec700000)
  object space 50688K, 33% used [0x00000000c5400000,0x00000000c645e950,0x00000000c8580000)
 Metaspace       used 21631K, capacity 21863K, committed 22320K, reserved 1069056K
  class space    used 2004K, capacity 2087K, committed 2176K, reserved 1048576K
Event: 11,747 GC heap after
Heap after GC invocations=7 (full 1):
 PSYoungGen      total 97792K, used 9904K [0x00000000ec700000, 0x00000000f3600000, 0x0000000100000000)
  eden space 84992K, 0% used [0x00000000ec700000,0x00000000ec700000,0x00000000f1a00000)
  from space 12800K, 77% used [0x00000000f2980000,0x00000000f332c280,0x00000000f3600000)
  to   space 14336K, 0% used [0x00000000f1a00000,0x00000000f1a00000,0x00000000f2800000)
 ParOldGen       total 50688K, used 16770K [0x00000000c5400000, 0x00000000c8580000, 0x00000000ec700000)
  object space 50688K, 33% used [0x00000000c5400000,0x00000000c6460950,0x00000000c8580000)
 Metaspace       used 21631K, capacity 21863K, committed 22320K, reserved 1069056K
  class space    used 2004K, capacity 2087K, committed 2176K, reserved 1048576K
}

