# JRE version: Java(TM) SE Runtime Environment (8.0_60-b27) (build 1.8.0_60-b27)
# Java VM: Java HotSpot(TM) 64-Bit Server VM (25.60-b23 mixed mode linux-amd64 compressed oops)
Heap:
 PSYoungGen      total 64000K, used 54580K [0x00000000ec700000, 0x00000000f3080000, 0x0000000100000000)
  eden space 61440K, 84% used [0x00000000ec700000,0x00000000ef9d5330,0x00000000f0300000)
  from space 2560K, 98% used [0x00000000f0300000,0x00000000f05780a0,0x00000000f0580000)
  to   space 11776K, 0% used [0x00000000f2500000,0x00000000f2500000,0x00000000f3080000)
 ParOldGen       total 49152K, used 17227K [0x00000000c5400000, 0x00000000c8400000, 0x00000000ec700000)
  object space 49152K, 35% used [0x00000000c5400000,0x00000000c64d2e68,0x00000000c8400000)
 Metaspace       used 21501K, capacity 21735K, committed 22064K, reserved 1069056K
  class space    used 2005K, capacity 2087K, committed 2176K, reserved 1048576K
GC Heap History (10 events):
Event: 1,281 GC heap before
{Heap before GC invocations=2 (full 0):
 PSYoungGen      total 17920K, used 17890K [0x00000000ec700000, 0x00000000eea00000, 0x0000000100000000)
  eden space 15360K, 100% used [0x00000000ec700000,0x00000000ed600000,0x00000000ed600000)
  from space 2560K, 98% used [0x00000000ed600000,0x00000000ed878b08,0x00000000ed880000)
  to   space 2560K, 0% used [0x00000000ee780000,0x00000000ee780000,0x00000000eea00000)
 ParOldGen       total 40960K, used 493K [0x00000000c5400000, 0x00000000c7c00000, 0x00000000ec700000)
  object space 40960K, 1% used [0x00000000c5400000,0x00000000c547b5d8,0x00000000c7c00000)
 Metaspace       used 16510K, capacity 16723K, committed 17024K, reserved 1064960K
  class space    used 1596K, capacity 1663K, committed 1664K, reserved 1048576K
Event: 1,290 GC heap after
Heap after GC invocations=2 (full 0):
 PSYoungGen      total 33280K, used 2546K [0x00000000ec700000, 0x00000000eea00000, 0x0000000100000000)
  eden space 30720K, 0% used [0x00000000ec700000,0x00000000ec700000,0x00000000ee500000)
  from space 2560K, 99% used [0x00000000ee780000,0x00000000ee9fc840,0x00000000eea00000)
  to   space 2560K, 0% used [0x00000000ee500000,0x00000000ee500000,0x00000000ee780000)
 ParOldGen       total 40960K, used 1909K [0x00000000c5400000, 0x00000000c7c00000, 0x00000000ec700000)
  object space 40960K, 4% used [0x00000000c5400000,0x00000000c55dd748,0x00000000c7c00000)
 Metaspace       used 16510K, capacity 16723K, committed 17024K, reserved 1064960K
  class space    used 1596K, capacity 1663K, committed 1664K, reserved 1048576K
}
Event: 2,504 GC heap before
{Heap before GC invocations=3 (full 0):
 PSYoungGen      total 33280K, used 33266K [0x00000000ec700000, 0x00000000eea00000, 0x0000000100000000)
  eden space 30720K, 100% used [0x00000000ec700000,0x00000000ee500000,0x00000000ee500000)
  from space 2560K, 99% used [0x00000000ee780000,0x00000000ee9fc840,0x00000000eea00000)
  to   space 2560K, 0% used [0x00000000ee500000,0x00000000ee500000,0x00000000ee780000)
 ParOldGen       total 40960K, used 1909K [0x00000000c5400000, 0x00000000c7c00000, 0x00000000ec700000)
  object space 40960K, 4% used [0x00000000c5400000,0x00000000c55dd748,0x00000000c7c00000)
 Metaspace       used 20171K, capacity 20389K, committed 20864K, reserved 1069056K
  class space    used 1965K, capacity 2050K, committed 2176K, reserved 1048576K
Event: 2,527 GC heap after
Heap after GC invocations=3 (full 0):
 PSYoungGen      total 33280K, used 2544K [0x00000000ec700000, 0x00000000f0800000, 0x0000000100000000)
  eden space 30720K, 0% used [0x00000000ec700000,0x00000000ec700000,0x00000000ee500000)
  from space 2560K, 99% used [0x00000000ee500000,0x00000000ee77c050,0x00000000ee780000)
  to   space 2560K, 0% used [0x00000000f0580000,0x00000000f0580000,0x00000000f0800000)
 ParOldGen       total 40960K, used 12595K [0x00000000c5400000, 0x00000000c7c00000, 0x00000000ec700000)
  object space 40960K, 30% used [0x00000000c5400000,0x00000000c604cd78,0x00000000c7c00000)
 Metaspace       used 20171K, capacity 20389K, committed 20864K, reserved 1069056K
  class space    used 1965K, capacity 2050K, committed 2176K, reserved 1048576K
}
Event: 3,151 GC heap before
{Heap before GC invocations=4 (full 0):
 PSYoungGen      total 33280K, used 21153K [0x00000000ec700000, 0x00000000f0800000, 0x0000000100000000)
  eden space 30720K, 60% used [0x00000000ec700000,0x00000000ed92c3d0,0x00000000ee500000)
  from space 2560K, 99% used [0x00000000ee500000,0x00000000ee77c050,0x00000000ee780000)
  to   space 2560K, 0% used [0x00000000f0580000,0x00000000f0580000,0x00000000f0800000)
 ParOldGen       total 40960K, used 12595K [0x00000000c5400000, 0x00000000c7c00000, 0x00000000ec700000)
  object space 40960K, 30% used [0x00000000c5400000,0x00000000c604cd78,0x00000000c7c00000)
 Metaspace       used 20786K, capacity 21009K, committed 21296K, reserved 1069056K
  class space    used 2000K, capacity 2084K, committed 2176K, reserved 1048576K
Event: 3,167 GC heap after
Heap after GC invocations=4 (full 0):
 PSYoungGen      total 64000K, used 2546K [0x00000000ec700000, 0x00000000f0800000, 0x0000000100000000)
  eden space 61440K, 0% used [0x00000000ec700000,0x00000000ec700000,0x00000000f0300000)
  from space 2560K, 99% used [0x00000000f0580000,0x00000000f07fc8a0,0x00000000f0800000)
  to   space 2560K, 0% used [0x00000000f0300000,0x00000000f0300000,0x00000000f0580000)
 ParOldGen       total 40960K, used 16316K [0x00000000c5400000, 0x00000000c7c00000, 0x00000000ec700000)
  object space 40960K, 39% used [0x00000000c5400000,0x00000000c63ef390,0x00000000c7c00000)
 Metaspace       used 20786K, capacity 21009K, committed 21296K, reserved 1069056K
  class space    used 2000K, capacity 2084K, committed 2176K, reserved 1048576K
}
Event: 3,167 GC heap before
{Heap before GC invocations=5 (full 1):
 PSYoungGen      total 64000K, used 2546K [0x00000000ec700000, 0x00000000f0800000, 0x0000000100000000)
  eden space 61440K, 0% used [0x00000000ec700000,0x00000000ec700000,0x00000000f0300000)
  from space 2560K, 99% used [0x00000000f0580000,0x00000000f07fc8a0,0x00000000f0800000)
  to   space 2560K, 0% used [0x00000000f0300000,0x00000000f0300000,0x00000000f0580000)
 ParOldGen       total 40960K, used 16316K [0x00000000c5400000, 0x00000000c7c00000, 0x00000000ec700000)
  object space 40960K, 39% used [0x00000000c5400000,0x00000000c63ef390,0x00000000c7c00000)
 Metaspace       used 20786K, capacity 21009K, committed 21296K, reserved 1069056K
  class space    used 2000K, capacity 2084K, committed 2176K, reserved 1048576K
Event: 3,239 GC heap after
Heap after GC invocations=5 (full 1):
 PSYoungGen      total 64000K, used 0K [0x00000000ec700000, 0x00000000f0800000, 0x0000000100000000)
  eden space 61440K, 0% used [0x00000000ec700000,0x00000000ec700000,0x00000000f0300000)
  from space 2560K, 0% used [0x00000000f0580000,0x00000000f0580000,0x00000000f0800000)
  to   space 2560K, 0% used [0x00000000f0300000,0x00000000f0300000,0x00000000f0580000)
 ParOldGen       total 49152K, used 14883K [0x00000000c5400000, 0x00000000c8400000, 0x00000000ec700000)
  object space 49152K, 30% used [0x00000000c5400000,0x00000000c6288d10,0x00000000c8400000)
 Metaspace       used 20786K, capacity 21009K, committed 21296K, reserved 1069056K
  class space    used 2000K, capacity 2084K, committed 2176K, reserved 1048576K
}
Event: 7,912 GC heap before
{Heap before GC invocations=6 (full 1):
 PSYoungGen      total 64000K, used 61440K [0x00000000ec700000, 0x00000000f0800000, 0x0000000100000000)
  eden space 61440K, 100% used [0x00000000ec700000,0x00000000f0300000,0x00000000f0300000)
  from space 2560K, 0% used [0x00000000f0580000,0x00000000f0580000,0x00000000f0800000)
  to   space 2560K, 0% used [0x00000000f0300000,0x00000000f0300000,0x00000000f0580000)
 ParOldGen       total 49152K, used 14883K [0x00000000c5400000, 0x00000000c8400000, 0x00000000ec700000)
  object space 49152K, 30% used [0x00000000c5400000,0x00000000c6288d10,0x00000000c8400000)
 Metaspace       used 21427K, capacity 21607K, committed 22064K, reserved 1069056K
  class space    used 2004K, capacity 2087K, committed 2176K, reserved 1048576K
Event: 7,918 GC heap after
Heap after GC invocations=6 (full 1):
 PSYoungGen      total 64000K, used 2528K [0x00000000ec700000, 0x00000000f3080000, 0x0000000100000000)
  eden space 61440K, 0% used [0x00000000ec700000,0x00000000ec700000,0x00000000f0300000)
  from space 2560K, 98% used [0x00000000f0300000,0x00000000f05780a0,0x00000000f0580000)
  to   space 11776K, 0% used [0x00000000f2500000,0x00000000f2500000,0x00000000f3080000)
 ParOldGen       total 49152K, used 17227K [0x00000000c5400000, 0x00000000c8400000, 0x00000000ec700000)
  object space 49152K, 35% used [0x00000000c5400000,0x00000000c64d2e68,0x00000000c8400000)
 Metaspace       used 21427K, capacity 21607K, committed 22064K, reserved 1069056K
  class space    used 2004K, capacity 2087K, committed 2176K, reserved 1048576K
}

