# JRE version: Java(TM) SE Runtime Environment (8.0_60-b27) (build 1.8.0_60-b27)
# Java VM: Java HotSpot(TM) 64-Bit Server VM (25.60-b23 mixed mode linux-amd64 compressed oops)
Heap:
 PSYoungGen      total 64000K, used 58155K [0x00000000ec700000, 0x00000000f3380000, 0x0000000100000000)
  eden space 61440K, 90% used [0x00000000ec700000,0x00000000efd52cf0,0x00000000f0300000)
  from space 2560K, 98% used [0x00000000f0300000,0x00000000f0578090,0x00000000f0580000)
  to   space 12288K, 0% used [0x00000000f2780000,0x00000000f2780000,0x00000000f3380000)
 ParOldGen       total 49664K, used 16258K [0x00000000c5400000, 0x00000000c8480000, 0x00000000ec700000)
  object space 49664K, 32% used [0x00000000c5400000,0x00000000c63e09f0,0x00000000c8480000)
 Metaspace       used 21658K, capacity 21927K, committed 22320K, reserved 1069056K
  class space    used 2002K, capacity 2087K, committed 2176K, reserved 1048576K
GC Heap History (10 events):
Event: 1,248 GC heap before
{Heap before GC invocations=2 (full 0):
 PSYoungGen      total 17920K, used 17911K [0x00000000ec700000, 0x00000000eea00000, 0x0000000100000000)
  eden space 15360K, 100% used [0x00000000ec700000,0x00000000ed600000,0x00000000ed600000)
  from space 2560K, 99% used [0x00000000ed600000,0x00000000ed87df50,0x00000000ed880000)
  to   space 2560K, 0% used [0x00000000ee780000,0x00000000ee780000,0x00000000eea00000)
 ParOldGen       total 40960K, used 434K [0x00000000c5400000, 0x00000000c7c00000, 0x00000000ec700000)
  object space 40960K, 1% used [0x00000000c5400000,0x00000000c546c840,0x00000000c7c00000)
 Metaspace       used 16452K, capacity 16659K, committed 16768K, reserved 1064960K
  class space    used 1588K, capacity 1663K, committed 1664K, reserved 1048576K
Event: 1,256 GC heap after
Heap after GC invocations=2 (full 0):
 PSYoungGen      total 33280K, used 2546K [0x00000000ec700000, 0x00000000eea00000, 0x0000000100000000)
  eden space 30720K, 0% used [0x00000000ec700000,0x00000000ec700000,0x00000000ee500000)
  from space 2560K, 99% used [0x00000000ee780000,0x00000000ee9fc860,0x00000000eea00000)
  to   space 2560K, 0% used [0x00000000ee500000,0x00000000ee500000,0x00000000ee780000)
 ParOldGen       total 40960K, used 1806K [0x00000000c5400000, 0x00000000c7c00000, 0x00000000ec700000)
  object space 40960K, 4% used [0x00000000c5400000,0x00000000c55c38a8,0x00000000c7c00000)
 Metaspace       used 16452K, capacity 16659K, committed 16768K, reserved 1064960K
  class space    used 1588K, capacity 1663K, committed 1664K, reserved 1048576K
}
Event: 2,673 GC heap before
{Heap before GC invocations=3 (full 0):
 PSYoungGen      total 33280K, used 33211K [0x00000000ec700000, 0x00000000eea00000, 0x0000000100000000)
  eden space 30720K, 99% used [0x00000000ec700000,0x00000000ee4f26a0,0x00000000ee500000)
  from space 2560K, 99% used [0x00000000ee780000,0x00000000ee9fc860,0x00000000eea00000)
  to   space 2560K, 0% used [0x00000000ee500000,0x00000000ee500000,0x00000000ee780000)
 ParOldGen       total 40960K, used 1806K [0x00000000c5400000, 0x00000000c7c00000, 0x00000000ec700000)
  object space 40960K, 4% used [0x00000000c5400000,0x00000000c55c38a8,0x00000000c7c00000)
 Metaspace       used 20151K, capacity 20325K, committed 20608K, reserved 1067008K
  class space    used 1962K, capacity 2050K, committed 2176K, reserved 1048576K
Event: 2,695 GC heap after
Heap after GC invocations=3 (full 0):
 PSYoungGen      total 33280K, used 2544K [0x00000000ec700000, 0x00000000f0800000, 0x0000000100000000)
  eden space 30720K, 0% used [0x00000000ec700000,0x00000000ec700000,0x00000000ee500000)
  from space 2560K, 99% used [0x00000000ee500000,0x00000000ee77c130,0x00000000ee780000)
  to   space 2560K, 0% used [0x00000000f0580000,0x00000000f0580000,0x00000000f0800000)
 ParOldGen       total 40960K, used 12591K [0x00000000c5400000, 0x00000000c7c00000, 0x00000000ec700000)
  object space 40960K, 30% used [0x00000000c5400000,0x00000000c604bcd0,0x00000000c7c00000)
 Metaspace       used 20151K, capacity 20325K, committed 20608K, reserved 1067008K
  class space    used 1962K, capacity 2050K, committed 2176K, reserved 1048576K
}
Event: 3,380 GC heap before
{Heap before GC invocations=4 (full 0):
 PSYoungGen      total 33280K, used 25973K [0x00000000ec700000, 0x00000000f0800000, 0x0000000100000000)
  eden space 30720K, 76% used [0x00000000ec700000,0x00000000edde16c0,0x00000000ee500000)
  from space 2560K, 99% used [0x00000000ee500000,0x00000000ee77c130,0x00000000ee780000)
  to   space 2560K, 0% used [0x00000000f0580000,0x00000000f0580000,0x00000000f0800000)
 ParOldGen       total 40960K, used 12591K [0x00000000c5400000, 0x00000000c7c00000, 0x00000000ec700000)
  object space 40960K, 30% used [0x00000000c5400000,0x00000000c604bcd0,0x00000000c7c00000)
 Metaspace       used 20814K, capacity 21025K, committed 21296K, reserved 1069056K
  class space    used 1999K, capacity 2086K, committed 2176K, reserved 1048576K
Event: 3,404 GC heap after
Heap after GC invocations=4 (full 0):
 PSYoungGen      total 64000K, used 2528K [0x00000000ec700000, 0x00000000f0800000, 0x0000000100000000)
  eden space 61440K, 0% used [0x00000000ec700000,0x00000000ec700000,0x00000000f0300000)
  from space 2560K, 98% used [0x00000000f0580000,0x00000000f07f8120,0x00000000f0800000)
  to   space 2560K, 0% used [0x00000000f0300000,0x00000000f0300000,0x00000000f0580000)
 ParOldGen       total 40960K, used 16593K [0x00000000c5400000, 0x00000000c7c00000, 0x00000000ec700000)
  object space 40960K, 40% used [0x00000000c5400000,0x00000000c64346a8,0x00000000c7c00000)
 Metaspace       used 20814K, capacity 21025K, committed 21296K, reserved 1069056K
  class space    used 1999K, capacity 2086K, committed 2176K, reserved 1048576K
}
Event: 3,404 GC heap before
{Heap before GC invocations=5 (full 1):
 PSYoungGen      total 64000K, used 2528K [0x00000000ec700000, 0x00000000f0800000, 0x0000000100000000)
  eden space 61440K, 0% used [0x00000000ec700000,0x00000000ec700000,0x00000000f0300000)
  from space 2560K, 98% used [0x00000000f0580000,0x00000000f07f8120,0x00000000f0800000)
  to   space 2560K, 0% used [0x00000000f0300000,0x00000000f0300000,0x00000000f0580000)
 ParOldGen       total 40960K, used 16593K [0x00000000c5400000, 0x00000000c7c00000, 0x00000000ec700000)
  object space 40960K, 40% used [0x00000000c5400000,0x00000000c64346a8,0x00000000c7c00000)
 Metaspace       used 20814K, capacity 21025K, committed 21296K, reserved 1069056K
  class space    used 1999K, capacity 2086K, committed 2176K, reserved 1048576K
Event: 3,483 GC heap after
Heap after GC invocations=5 (full 1):
 PSYoungGen      total 64000K, used 0K [0x00000000ec700000, 0x00000000f0800000, 0x0000000100000000)
  eden space 61440K, 0% used [0x00000000ec700000,0x00000000ec700000,0x00000000f0300000)
  from space 2560K, 0% used [0x00000000f0580000,0x00000000f0580000,0x00000000f0800000)
  to   space 2560K, 0% used [0x00000000f0300000,0x00000000f0300000,0x00000000f0580000)
 ParOldGen       total 49664K, used 16250K [0x00000000c5400000, 0x00000000c8480000, 0x00000000ec700000)
  object space 49664K, 32% used [0x00000000c5400000,0x00000000c63de9f0,0x00000000c8480000)
 Metaspace       used 20814K, capacity 21025K, committed 21296K, reserved 1069056K
  class space    used 1999K, capacity 2086K, committed 2176K, reserved 1048576K
}
Event: 9,642 GC heap before
{Heap before GC invocations=6 (full 1):
 PSYoungGen      total 64000K, used 61440K [0x00000000ec700000, 0x00000000f0800000, 0x0000000100000000)
  eden space 61440K, 100% used [0x00000000ec700000,0x00000000f0300000,0x00000000f0300000)
  from space 2560K, 0% used [0x00000000f0580000,0x00000000f0580000,0x00000000f0800000)
  to   space 2560K, 0% used [0x00000000f0300000,0x00000000f0300000,0x00000000f0580000)
 ParOldGen       total 49664K, used 16250K [0x00000000c5400000, 0x00000000c8480000, 0x00000000ec700000)
  object space 49664K, 32% used [0x00000000c5400000,0x00000000c63de9f0,0x00000000c8480000)
 Metaspace       used 21497K, capacity 21735K, committed 22064K, reserved 1069056K
  class space    used 2001K, capacity 2087K, committed 2176K, reserved 1048576K
Event: 9,647 GC heap after
Heap after GC invocations=6 (full 1):
 PSYoungGen      total 64000K, used 2528K [0x00000000ec700000, 0x00000000f3380000, 0x0000000100000000)
  eden space 61440K, 0% used [0x00000000ec700000,0x00000000ec700000,0x00000000f0300000)
  from space 2560K, 98% used [0x00000000f0300000,0x00000000f0578090,0x00000000f0580000)
  to   space 12288K, 0% used [0x00000000f2780000,0x00000000f2780000,0x00000000f3380000)
 ParOldGen       total 49664K, used 16258K [0x00000000c5400000, 0x00000000c8480000, 0x00000000ec700000)
  object space 49664K, 32% used [0x00000000c5400000,0x00000000c63e09f0,0x00000000c8480000)
 Metaspace       used 21497K, capacity 21735K, committed 22064K, reserved 1069056K
  class space    used 2001K, capacity 2087K, committed 2176K, reserved 1048576K
}

